time="2025-06-22 13:05:45" level=info msg="Connected to DB"
time="2025-06-22 13:05:45" level=info msg="Connected to DB"
time="2025-06-22 13:05:45" level=info msg="gRPC server started on :4441"
time="2025-06-22 13:07:44" level=info msg="Connected to DB"
time="2025-06-22 13:07:44" level=info msg="Connected to DB"
time="2025-06-22 13:07:44" level=info msg="gRPC server started on :4441"
time="2025-06-22 13:10:05" level=info msg="Connected to DB"
time="2025-06-22 13:10:05" level=info msg="Connected to DB"
time="2025-06-22 13:10:05" level=info msg="gRPC server started on :4441"
time="2025-06-22 13:31:28" level=info msg="Connected to DB"
time="2025-06-22 13:31:28" level=info msg="Connected to DB"
time="2025-06-22 13:31:28" level=info msg="gRPC server started on :4441"
time="2025-06-22 13:35:13" level=info msg="Api [GetTemplate] started" request="code:\"OTP_REASON_REGISTRATION\"  channel:\"whatsapp\"  traceId:\"a46f7403-1b70-4643-b758-45e6280538fd\"" traceID=a46f7403-1b70-4643-b758-45e6280538fd
time="2025-06-22 13:37:27" level=info msg="Connected to DB"
time="2025-06-22 13:37:27" level=info msg="Connected to DB"
time="2025-06-22 13:37:27" level=info msg="gRPC server started on :4441"
time="2025-06-22 13:37:55" level=info msg="Api [GetTemplate] started" request="code:\"OTP_REASON_REGISTRATION\"  channel:\"whatsapp\"  traceId:\"ff8d9441-ab87-4c95-bcd7-fd57a6c6685f\"" traceID=ff8d9441-ab87-4c95-bcd7-fd57a6c6685f
time="2025-06-22 13:39:32" level=info msg="Connected to DB"
time="2025-06-22 13:39:32" level=info msg="Connected to DB"
time="2025-06-22 13:39:32" level=info msg="gRPC server started on :4441"
time="2025-06-22 13:39:39" level=info msg="Api [GetTemplate] started" request="code:\"OTP_REASON_REGISTRATION\" channel:\"whatsapp\" traceId:\"0f38b9e1-373b-43c8-b0f1-b3092f5553b5\"" traceID=0f38b9e1-373b-43c8-b0f1-b3092f5553b5
time="2025-06-22 13:40:07" level=info msg="Connected to DB"
time="2025-06-22 13:40:07" level=info msg="Connected to DB"
time="2025-06-22 13:40:07" level=info msg="gRPC server started on :4441"
time="2025-06-22 13:40:11" level=info msg="Api [GetTemplate] started" request="code:\"OTP_REASON_REGISTRATION\" channel:\"whatsapp\" traceId:\"97015ff6-38a6-4b92-82c0-dffce06083bf\"" traceID=97015ff6-38a6-4b92-82c0-dffce06083bf
time="2025-06-22 13:40:11" level=info msg="Api [GetTemplate] started processing" request="code:\"OTP_REASON_REGISTRATION\" channel:\"whatsapp\" traceId:\"97015ff6-38a6-4b92-82c0-dffce06083bf\"" traceID=97015ff6-38a6-4b92-82c0-dffce06083bf
time="2025-06-22 13:43:59" level=info msg="Connected to DB"
time="2025-06-22 13:43:59" level=info msg="Connected to DB"
time="2025-06-22 13:43:59" level=info msg="gRPC server started on :4441"
time="2025-06-22 13:44:00" level=info msg="Api [GetTemplate] started" request="code:\"OTP_REASON_REGISTRATION\" channel:\"whatsapp\" traceId:\"645da787-9f3f-48c7-8e58-1d5ac7f0a3e6\"" traceID=645da787-9f3f-48c7-8e58-1d5ac7f0a3e6
time="2025-06-22 13:44:00" level=info msg="Api [GetTemplate] started processing" request="code:\"OTP_REASON_REGISTRATION\" channel:\"whatsapp\" traceId:\"645da787-9f3f-48c7-8e58-1d5ac7f0a3e6\"" traceID=645da787-9f3f-48c7-8e58-1d5ac7f0a3e6
time="2025-06-22 13:44:00" level=error msg="Failed to get template from DB" error="missing destination name is_active in *system.NotificationTemplate" request="code:\"OTP_REASON_REGISTRATION\" channel:\"whatsapp\" traceId:\"645da787-9f3f-48c7-8e58-1d5ac7f0a3e6\"" traceID=645da787-9f3f-48c7-8e58-1d5ac7f0a3e6
time="2025-06-22 13:44:00" level=info msg="Api [SendNotification] started" request="recipient:\"62895331276346\" channel:\"whatsapp\" subject:\"Verifikasi Pendaftaran\" metadata:{user_id:\"62895331276346\" otp_id:\"9b377e46-d57e-4d94-abef-edd36f20fcbf\"} traceId:\"645da787-9f3f-48c7-8e58-1d5ac7f0a3e6\"" traceID=645da787-9f3f-48c7-8e58-1d5ac7f0a3e6
time="2025-06-22 13:44:00" level=warning msg="Missing required fields" request="recipient:\"62895331276346\" channel:\"whatsapp\" subject:\"Verifikasi Pendaftaran\" metadata:{user_id:\"62895331276346\" otp_id:\"9b377e46-d57e-4d94-abef-edd36f20fcbf\"} traceId:\"645da787-9f3f-48c7-8e58-1d5ac7f0a3e6\"" traceID=645da787-9f3f-48c7-8e58-1d5ac7f0a3e6
time="2025-06-22 13:46:47" level=info msg="Connected to DB"
time="2025-06-22 13:46:47" level=info msg="Connected to DB"
time="2025-06-22 13:46:47" level=info msg="gRPC server started on :4441"
time="2025-06-22 13:46:54" level=info msg="Api [GetTemplate] started" request="code:\"OTP_REASON_REGISTRATION\" channel:\"whatsapp\" traceId:\"46da1786-2393-4f88-9f47-c11904d14fab\"" traceID=46da1786-2393-4f88-9f47-c11904d14fab
time="2025-06-22 13:46:54" level=info msg="Api [GetTemplate] started processing" request="code:\"OTP_REASON_REGISTRATION\" channel:\"whatsapp\" traceId:\"46da1786-2393-4f88-9f47-c11904d14fab\"" traceID=46da1786-2393-4f88-9f47-c11904d14fab
time="2025-06-22 13:46:54" level=error msg="Api [GetTemplate] Failed to get template from DB" error="missing destination name is_active in *system.NotificationTemplate" request="code:\"OTP_REASON_REGISTRATION\" channel:\"whatsapp\" traceId:\"46da1786-2393-4f88-9f47-c11904d14fab\"" traceID=46da1786-2393-4f88-9f47-c11904d14fab
time="2025-06-22 13:46:54" level=info msg="Api [SendNotification] started" request="recipient:\"62895331276346\" channel:\"whatsapp\" subject:\"Verifikasi Pendaftaran\" metadata:{user_id:\"62895331276346\" otp_id:\"40c3b404-8f76-4850-be19-35ade4282247\"} traceId:\"46da1786-2393-4f88-9f47-c11904d14fab\"" traceID=46da1786-2393-4f88-9f47-c11904d14fab
time="2025-06-22 13:46:54" level=warning msg="Api [SendNotification] Missing required fields" request="recipient:\"62895331276346\" channel:\"whatsapp\" subject:\"Verifikasi Pendaftaran\" metadata:{user_id:\"62895331276346\" otp_id:\"40c3b404-8f76-4850-be19-35ade4282247\"} traceId:\"46da1786-2393-4f88-9f47-c11904d14fab\"" traceID=46da1786-2393-4f88-9f47-c11904d14fab
time="2025-06-22 13:50:03" level=info msg="Api [GetTemplate] started" request="code:\"OTP_REASON_REGISTRATION\" channel:\"whatsapp\" traceId:\"1ebc5c00-2fac-4297-8ada-b5ad877180e1\"" traceID=1ebc5c00-2fac-4297-8ada-b5ad877180e1
time="2025-06-22 13:50:03" level=info msg="Api [GetTemplate] started processing" request="code:\"OTP_REASON_REGISTRATION\" channel:\"whatsapp\" traceId:\"1ebc5c00-2fac-4297-8ada-b5ad877180e1\"" traceID=1ebc5c00-2fac-4297-8ada-b5ad877180e1
time="2025-06-22 13:50:03" level=error msg="Api [GetTemplate] Failed to get template from DB" error="missing destination name is_active in *system.NotificationTemplate" request="code:\"OTP_REASON_REGISTRATION\" channel:\"whatsapp\" traceId:\"1ebc5c00-2fac-4297-8ada-b5ad877180e1\"" traceID=1ebc5c00-2fac-4297-8ada-b5ad877180e1
time="2025-06-22 13:50:53" level=info msg="Api [GetTemplate] started" request="code:\"OTP_REASON_REGISTRATION\" channel:\"whatsapp\" traceId:\"cdcaafad-34d6-4cfc-bf78-f8345e10c7d4\"" traceID=cdcaafad-34d6-4cfc-bf78-f8345e10c7d4
time="2025-06-22 13:50:53" level=info msg="Api [GetTemplate] started processing" request="code:\"OTP_REASON_REGISTRATION\" channel:\"whatsapp\" traceId:\"cdcaafad-34d6-4cfc-bf78-f8345e10c7d4\"" traceID=cdcaafad-34d6-4cfc-bf78-f8345e10c7d4
time="2025-06-22 13:50:53" level=error msg="Api [GetTemplate] Failed to get template from DB" error="missing destination name is_active in *system.NotificationTemplate" request="code:\"OTP_REASON_REGISTRATION\" channel:\"whatsapp\" traceId:\"cdcaafad-34d6-4cfc-bf78-f8345e10c7d4\"" traceID=cdcaafad-34d6-4cfc-bf78-f8345e10c7d4
time="2025-06-22 13:51:35" level=info msg="Api [GetTemplate] started" request="code:\"OTP_REASON_REGISTRATION\" channel:\"whatsapp\" traceId:\"3b567b64-7c80-46c0-8d34-b3e26b60a783\"" traceID=3b567b64-7c80-46c0-8d34-b3e26b60a783
time="2025-06-22 13:51:35" level=info msg="Api [GetTemplate] started processing" request="code:\"OTP_REASON_REGISTRATION\" channel:\"whatsapp\" traceId:\"3b567b64-7c80-46c0-8d34-b3e26b60a783\"" traceID=3b567b64-7c80-46c0-8d34-b3e26b60a783
time="2025-06-22 13:51:35" level=error msg="Api [GetTemplate] Failed to get template from DB" error="missing destination name is_active in *system.NotificationTemplate" request="code:\"OTP_REASON_REGISTRATION\" channel:\"whatsapp\" traceId:\"3b567b64-7c80-46c0-8d34-b3e26b60a783\"" traceID=3b567b64-7c80-46c0-8d34-b3e26b60a783
time="2025-06-22 13:52:39" level=info msg="Api [GetTemplate] started" request="code:\"OTP_REASON_REGISTRATION\" channel:\"whatsapp\" traceId:\"5813b066-6403-44e3-8091-f3323daf17a7\"" traceID=5813b066-6403-44e3-8091-f3323daf17a7
time="2025-06-22 13:52:39" level=info msg="Api [GetTemplate] started processing" request="code:\"OTP_REASON_REGISTRATION\" channel:\"whatsapp\" traceId:\"5813b066-6403-44e3-8091-f3323daf17a7\"" traceID=5813b066-6403-44e3-8091-f3323daf17a7
time="2025-06-22 13:52:39" level=error msg="Api [GetTemplate] Failed to get template from DB" error="missing destination name is_active in *system.NotificationTemplate" request="code:\"OTP_REASON_REGISTRATION\" channel:\"whatsapp\" traceId:\"5813b066-6403-44e3-8091-f3323daf17a7\"" traceID=5813b066-6403-44e3-8091-f3323daf17a7
time="2025-06-22 13:52:39" level=info msg="Api [SendNotification] started" request="recipient:\"62895331276346\" channel:\"whatsapp\" subject:\"Verifikasi Pendaftaran\" metadata:{user_id:\"62895331276346\" otp_id:\"eb9a6296-7602-43c3-9293-d793c28e827c\"} traceId:\"5813b066-6403-44e3-8091-f3323daf17a7\"" traceID=5813b066-6403-44e3-8091-f3323daf17a7
time="2025-06-22 13:52:39" level=warning msg="Api [SendNotification] Missing required fields" request="recipient:\"62895331276346\" channel:\"whatsapp\" subject:\"Verifikasi Pendaftaran\" metadata:{user_id:\"62895331276346\" otp_id:\"eb9a6296-7602-43c3-9293-d793c28e827c\"} traceId:\"5813b066-6403-44e3-8091-f3323daf17a7\"" traceID=5813b066-6403-44e3-8091-f3323daf17a7
time="2025-06-22 13:54:07" level=info msg="Api [GetTemplate] started" request="code:\"OTP_REASON_REGISTRATION\" channel:\"whatsapp\" traceId:\"361f7d00-629e-40be-91ab-f6cc8bc2af86\"" traceID=361f7d00-629e-40be-91ab-f6cc8bc2af86
time="2025-06-22 13:54:07" level=info msg="Api [GetTemplate] started processing" request="code:\"OTP_REASON_REGISTRATION\" channel:\"whatsapp\" traceId:\"361f7d00-629e-40be-91ab-f6cc8bc2af86\"" traceID=361f7d00-629e-40be-91ab-f6cc8bc2af86
time="2025-06-22 13:54:07" level=error msg="Api [GetTemplate] Failed to get template from DB" error="missing destination name is_active in *system.NotificationTemplate" request="code:\"OTP_REASON_REGISTRATION\" channel:\"whatsapp\" traceId:\"361f7d00-629e-40be-91ab-f6cc8bc2af86\"" traceID=361f7d00-629e-40be-91ab-f6cc8bc2af86
time="2025-06-22 13:55:21" level=info msg="Api [GetTemplate] started" request="code:\"OTP_REASON_REGISTRATION\" channel:\"whatsapp\" traceId:\"d0f14040-9f09-4a5d-9f81-4b0e69d9bded\"" traceID=d0f14040-9f09-4a5d-9f81-4b0e69d9bded
time="2025-06-22 13:55:21" level=info msg="Api [GetTemplate] started processing" request="code:\"OTP_REASON_REGISTRATION\" channel:\"whatsapp\" traceId:\"d0f14040-9f09-4a5d-9f81-4b0e69d9bded\"" traceID=d0f14040-9f09-4a5d-9f81-4b0e69d9bded
time="2025-06-22 13:55:21" level=error msg="Api [GetTemplate] Failed to get template from DB" error="missing destination name is_active in *system.NotificationTemplate" request="code:\"OTP_REASON_REGISTRATION\" channel:\"whatsapp\" traceId:\"d0f14040-9f09-4a5d-9f81-4b0e69d9bded\"" traceID=d0f14040-9f09-4a5d-9f81-4b0e69d9bded
time="2025-06-22 14:00:11" level=info msg="Api [GetTemplate] started" request="code:\"OTP_REASON_REGISTRATION\" channel:\"whatsapp\" traceId:\"6c8dc966-bb70-40c3-a40d-fbde1d27f138\"" traceID=6c8dc966-bb70-40c3-a40d-fbde1d27f138
time="2025-06-22 14:00:11" level=info msg="Api [GetTemplate] started processing" request="code:\"OTP_REASON_REGISTRATION\" channel:\"whatsapp\" traceId:\"6c8dc966-bb70-40c3-a40d-fbde1d27f138\"" traceID=6c8dc966-bb70-40c3-a40d-fbde1d27f138
time="2025-06-22 14:00:11" level=error msg="Api [GetTemplate] Failed to get template from DB" error="missing destination name is_active in *system.NotificationTemplate" request="code:\"OTP_REASON_REGISTRATION\" channel:\"whatsapp\" traceId:\"6c8dc966-bb70-40c3-a40d-fbde1d27f138\"" traceID=6c8dc966-bb70-40c3-a40d-fbde1d27f138
time="2025-06-22 14:02:34" level=info msg="Api [GetTemplate] started" request="code:\"OTP_REASON_REGISTRATION\" channel:\"whatsapp\" traceId:\"6cc5ec6a-a16c-4ee8-915d-e6d62ce9abd7\"" traceID=6cc5ec6a-a16c-4ee8-915d-e6d62ce9abd7
time="2025-06-22 14:02:34" level=info msg="Api [GetTemplate] started processing" request="code:\"OTP_REASON_REGISTRATION\" channel:\"whatsapp\" traceId:\"6cc5ec6a-a16c-4ee8-915d-e6d62ce9abd7\"" traceID=6cc5ec6a-a16c-4ee8-915d-e6d62ce9abd7
time="2025-06-22 14:02:34" level=error msg="Api [GetTemplate] Failed to get template from DB" error="missing destination name is_active in *system.NotificationTemplate" request="code:\"OTP_REASON_REGISTRATION\" channel:\"whatsapp\" traceId:\"6cc5ec6a-a16c-4ee8-915d-e6d62ce9abd7\"" traceID=6cc5ec6a-a16c-4ee8-915d-e6d62ce9abd7
time="2025-06-22 14:04:49" level=info msg="Api [GetTemplate] started" request="code:\"OTP_REASON_REGISTRATION\" channel:\"whatsapp\" traceId:\"72576723-f1b3-4fe5-8785-ab827b68281b\"" traceID=72576723-f1b3-4fe5-8785-ab827b68281b
time="2025-06-22 14:04:49" level=info msg="Api [GetTemplate] started processing" request="code:\"OTP_REASON_REGISTRATION\" channel:\"whatsapp\" traceId:\"72576723-f1b3-4fe5-8785-ab827b68281b\"" traceID=72576723-f1b3-4fe5-8785-ab827b68281b
time="2025-06-22 14:04:49" level=error msg="Api [GetTemplate] Failed to get template from DB" error="missing destination name is_active in *system.NotificationTemplate" request="code:\"OTP_REASON_REGISTRATION\" channel:\"whatsapp\" traceId:\"72576723-f1b3-4fe5-8785-ab827b68281b\"" traceID=72576723-f1b3-4fe5-8785-ab827b68281b
time="2025-06-22 14:05:52" level=info msg="Connected to DB"
time="2025-06-22 14:05:52" level=info msg="Connected to DB"
time="2025-06-22 14:05:52" level=info msg="gRPC server started on :4441"
time="2025-06-22 14:06:11" level=info msg="Api [GetTemplate] started" request="code:\"OTP_REASON_REGISTRATION\"  channel:\"whatsapp\"  traceId:\"4017fc02-9618-422c-8991-e423b14994ae\"" traceID=4017fc02-9618-422c-8991-e423b14994ae
time="2025-06-22 14:06:11" level=info msg="Api [GetTemplate] started processing" request="code:\"OTP_REASON_REGISTRATION\"  channel:\"whatsapp\"  traceId:\"4017fc02-9618-422c-8991-e423b14994ae\"" traceID=4017fc02-9618-422c-8991-e423b14994ae
time="2025-06-22 14:06:11" level=error msg="Api [GetTemplate] Failed to get template from DB" error="missing destination name is_active in *system.NotificationTemplate" request="code:\"OTP_REASON_REGISTRATION\"  channel:\"whatsapp\"  traceId:\"4017fc02-9618-422c-8991-e423b14994ae\"" traceID=4017fc02-9618-422c-8991-e423b14994ae
time="2025-06-22 14:08:51" level=info msg="Connected to DB"
time="2025-06-22 14:08:51" level=info msg="Connected to DB"
time="2025-06-22 14:08:51" level=info msg="gRPC server started on :4441"
time="2025-06-22 14:08:58" level=info msg="Api [GetTemplate] started" request="code:\"OTP_REASON_REGISTRATION\"  channel:\"whatsapp\"  traceId:\"c81cc6f4-e4d4-4d50-b733-11b4c3a3e0f3\"" traceID=c81cc6f4-e4d4-4d50-b733-11b4c3a3e0f3
time="2025-06-22 14:08:58" level=info msg="Api [GetTemplate] started processing" request="code:\"OTP_REASON_REGISTRATION\"  channel:\"whatsapp\"  traceId:\"c81cc6f4-e4d4-4d50-b733-11b4c3a3e0f3\"" traceID=c81cc6f4-e4d4-4d50-b733-11b4c3a3e0f3
time="2025-06-22 14:08:58" level=error msg="Api [GetTemplate] Failed to get template from DB" error="missing destination name is_active in *system.NotificationTemplate" request="code:\"OTP_REASON_REGISTRATION\"  channel:\"whatsapp\"  traceId:\"c81cc6f4-e4d4-4d50-b733-11b4c3a3e0f3\"" traceID=c81cc6f4-e4d4-4d50-b733-11b4c3a3e0f3
time="2025-06-22 14:11:43" level=info msg="Connected to DB"
time="2025-06-22 14:11:43" level=info msg="Connected to DB"
time="2025-06-22 14:11:43" level=info msg="gRPC server started on :4441"
time="2025-06-22 14:11:53" level=info msg="Api [GetTemplate] started" request="code:\"OTP_REASON_REGISTRATION\"  channel:\"whatsapp\"  traceId:\"ba49d039-341c-4339-a37e-6d2cc23d58ce\"" traceID=ba49d039-341c-4339-a37e-6d2cc23d58ce
time="2025-06-22 14:11:53" level=info msg="Api [GetTemplate] started processing" request="code:\"OTP_REASON_REGISTRATION\"  channel:\"whatsapp\"  traceId:\"ba49d039-341c-4339-a37e-6d2cc23d58ce\"" traceID=ba49d039-341c-4339-a37e-6d2cc23d58ce
time="2025-06-22 14:11:53" level=error msg="Api [GetTemplate] Failed to get template from DB" error="pq: column \"trace_id\" does not exist" request="code:\"OTP_REASON_REGISTRATION\"  channel:\"whatsapp\"  traceId:\"ba49d039-341c-4339-a37e-6d2cc23d58ce\"" traceID=ba49d039-341c-4339-a37e-6d2cc23d58ce
time="2025-06-22 14:12:18" level=info msg="Connected to DB"
time="2025-06-22 14:12:18" level=info msg="Connected to DB"
time="2025-06-22 14:12:18" level=info msg="gRPC server started on :4441"
time="2025-06-22 14:12:21" level=info msg="Api [GetTemplate] started" request="code:\"OTP_REASON_REGISTRATION\"  channel:\"whatsapp\"  traceId:\"c0ecf9b9-6d1f-4fb4-ac91-215551c7d28e\"" traceID=c0ecf9b9-6d1f-4fb4-ac91-215551c7d28e
time="2025-06-22 14:12:21" level=info msg="Api [GetTemplate] started processing" request="code:\"OTP_REASON_REGISTRATION\"  channel:\"whatsapp\"  traceId:\"c0ecf9b9-6d1f-4fb4-ac91-215551c7d28e\"" traceID=c0ecf9b9-6d1f-4fb4-ac91-215551c7d28e
time="2025-06-22 14:12:21" level=error msg="Api [GetTemplate] Failed to get template from DB" error="sql: Scan error on column index 4, name \"subject\": converting NULL to string is unsupported" request="code:\"OTP_REASON_REGISTRATION\"  channel:\"whatsapp\"  traceId:\"c0ecf9b9-6d1f-4fb4-ac91-215551c7d28e\"" traceID=c0ecf9b9-6d1f-4fb4-ac91-215551c7d28e
time="2025-06-22 14:13:45" level=info msg="Api [GetTemplate] started" request="code:\"OTP_REASON_REGISTRATION\"  channel:\"whatsapp\"  traceId:\"bf694e7f-7ae0-4970-aabe-ddfc278504ba\"" traceID=bf694e7f-7ae0-4970-aabe-ddfc278504ba
time="2025-06-22 14:13:45" level=info msg="Api [GetTemplate] started processing" request="code:\"OTP_REASON_REGISTRATION\"  channel:\"whatsapp\"  traceId:\"bf694e7f-7ae0-4970-aabe-ddfc278504ba\"" traceID=bf694e7f-7ae0-4970-aabe-ddfc278504ba
time="2025-06-22 14:13:45" level=info msg="Api [GetTemplate] finished successfully" request="code:\"OTP_REASON_REGISTRATION\"  channel:\"whatsapp\"  traceId:\"bf694e7f-7ae0-4970-aabe-ddfc278504ba\"" traceID=bf694e7f-7ae0-4970-aabe-ddfc278504ba
time="2025-06-22 14:13:45" level=info msg="Api [SendNotification] started" request="recipient:\"62895331276346\"  channel:\"whatsapp\"  subject:\"Verifikasi Pendaftaran\"  metadata:{user_id:\"62895331276346\"  otp_id:\"19ccb049-07fa-47cf-a93d-bcc8200fb7dc\"  template_id:6}  templateCode:\"OTP_REASON_REGISTRATION\"  traceId:\"bf694e7f-7ae0-4970-aabe-ddfc278504ba\"" traceID=bf694e7f-7ae0-4970-aabe-ddfc278504ba
time="2025-06-22 14:13:45" level=error msg="Api [SendNotification] Failed to render template" error="template: notif:1: function \"name\" not defined" request="recipient:\"62895331276346\"  channel:\"whatsapp\"  subject:\"Verifikasi Pendaftaran\"  metadata:{user_id:\"62895331276346\"  otp_id:\"19ccb049-07fa-47cf-a93d-bcc8200fb7dc\"  template_id:6}  templateCode:\"OTP_REASON_REGISTRATION\"  traceId:\"bf694e7f-7ae0-4970-aabe-ddfc278504ba\"" traceID=bf694e7f-7ae0-4970-aabe-ddfc278504ba
time="2025-06-22 14:15:45" level=info msg="Connected to DB"
time="2025-06-22 14:15:45" level=info msg="Connected to DB"
time="2025-06-22 14:15:45" level=info msg="gRPC server started on :4441"
time="2025-06-22 14:15:49" level=info msg="Api [GetTemplate] started" request="code:\"OTP_REASON_REGISTRATION\" channel:\"whatsapp\" traceId:\"9a7f2d15-4b76-4e63-8ab2-d803ada069ce\"" traceID=9a7f2d15-4b76-4e63-8ab2-d803ada069ce
time="2025-06-22 14:15:49" level=info msg="Api [GetTemplate] started processing" request="code:\"OTP_REASON_REGISTRATION\" channel:\"whatsapp\" traceId:\"9a7f2d15-4b76-4e63-8ab2-d803ada069ce\"" traceID=9a7f2d15-4b76-4e63-8ab2-d803ada069ce
time="2025-06-22 14:15:49" level=info msg="Api [GetTemplate] finished successfully" request="code:\"OTP_REASON_REGISTRATION\" channel:\"whatsapp\" traceId:\"9a7f2d15-4b76-4e63-8ab2-d803ada069ce\"" traceID=9a7f2d15-4b76-4e63-8ab2-d803ada069ce
time="2025-06-22 14:15:49" level=info msg="Api [SendNotification] started" request="recipient:\"62895331276346\" channel:\"whatsapp\" subject:\"Verifikasi Pendaftaran\" metadata:{user_id:\"62895331276346\" name:\"8a33b49d-af8e-411c-95d2-a0102eaba67d\" 3:6} templateCode:\"OTP_REASON_REGISTRATION\" traceId:\"9a7f2d15-4b76-4e63-8ab2-d803ada069ce\"" traceID=9a7f2d15-4b76-4e63-8ab2-d803ada069ce
time="2025-06-22 14:15:49" level=error msg="Api [SendNotification] Failed to render template" error="template: notif:1: function \"name\" not defined" request="recipient:\"62895331276346\" channel:\"whatsapp\" subject:\"Verifikasi Pendaftaran\" metadata:{user_id:\"62895331276346\" name:\"8a33b49d-af8e-411c-95d2-a0102eaba67d\" 3:6} templateCode:\"OTP_REASON_REGISTRATION\" traceId:\"9a7f2d15-4b76-4e63-8ab2-d803ada069ce\"" traceID=9a7f2d15-4b76-4e63-8ab2-d803ada069ce
time="2025-06-22 14:16:40" level=info msg="Connected to DB"
time="2025-06-22 14:16:40" level=info msg="Connected to DB"
time="2025-06-22 14:16:40" level=info msg="gRPC server started on :4441"
time="2025-06-22 14:18:48" level=info msg="Api [GetTemplate] started" request="code:\"OTP_REASON_REGISTRATION\" channel:\"whatsapp\" traceId:\"f615c0e8-ffc3-481c-baca-f0290d2110a5\"" traceID=f615c0e8-ffc3-481c-baca-f0290d2110a5
time="2025-06-22 14:18:48" level=info msg="Api [GetTemplate] started processing" request="code:\"OTP_REASON_REGISTRATION\" channel:\"whatsapp\" traceId:\"f615c0e8-ffc3-481c-baca-f0290d2110a5\"" traceID=f615c0e8-ffc3-481c-baca-f0290d2110a5
time="2025-06-22 14:18:48" level=info msg="Api [GetTemplate] finished successfully" request="code:\"OTP_REASON_REGISTRATION\" channel:\"whatsapp\" traceId:\"f615c0e8-ffc3-481c-baca-f0290d2110a5\"" traceID=f615c0e8-ffc3-481c-baca-f0290d2110a5
time="2025-06-22 14:18:48" level=info msg="Api [SendNotification] started" request="recipient:\"62895331276346\" channel:\"whatsapp\" subject:\"Verifikasi Pendaftaran\" metadata:{user_id:\"62895331276346\" name:\"Pengguna 62895331276346\" otp_id:\"57b43346-d583-4a9b-a35e-5133f680055a\" template_id:6} templateCode:\"OTP_REASON_REGISTRATION\" traceId:\"f615c0e8-ffc3-481c-baca-f0290d2110a5\"" traceID=f615c0e8-ffc3-481c-baca-f0290d2110a5
time="2025-06-22 14:18:48" level=error msg="Api [SendNotification] Failed to render template" error="template: notif:1: function \"name\" not defined" request="recipient:\"62895331276346\" channel:\"whatsapp\" subject:\"Verifikasi Pendaftaran\" metadata:{user_id:\"62895331276346\" name:\"Pengguna 62895331276346\" otp_id:\"57b43346-d583-4a9b-a35e-5133f680055a\" template_id:6} templateCode:\"OTP_REASON_REGISTRATION\" traceId:\"f615c0e8-ffc3-481c-baca-f0290d2110a5\"" traceID=f615c0e8-ffc3-481c-baca-f0290d2110a5
time="2025-06-22 14:37:01" level=info msg="Connected to DB"
time="2025-06-22 14:37:01" level=info msg="Connected to DB"
time="2025-06-22 14:37:01" level=info msg="gRPC server started on :4441"
time="2025-06-22 14:37:14" level=info msg="Api [GetTemplate] started" request="code:\"OTP_REASON_REGISTRATION\" channel:\"whatsapp\" traceId:\"37e27c66-8e5a-4ccc-8900-da4496dffbab\"" traceID=37e27c66-8e5a-4ccc-8900-da4496dffbab
time="2025-06-22 14:37:14" level=info msg="Api [GetTemplate] started processing" request="code:\"OTP_REASON_REGISTRATION\" channel:\"whatsapp\" traceId:\"37e27c66-8e5a-4ccc-8900-da4496dffbab\"" traceID=37e27c66-8e5a-4ccc-8900-da4496dffbab
time="2025-06-22 14:37:14" level=info msg="Api [GetTemplate] finished successfully" request="code:\"OTP_REASON_REGISTRATION\" channel:\"whatsapp\" traceId:\"37e27c66-8e5a-4ccc-8900-da4496dffbab\"" traceID=37e27c66-8e5a-4ccc-8900-da4496dffbab
time="2025-06-22 14:37:14" level=info msg="Api [SendNotification] started" request=62895331276346 traceID=37e27c66-8e5a-4ccc-8900-da4496dffbab
time="2025-06-22 14:37:14" level=error msg="Api [SendNotification] Failed to render template" error="template: notif:1: function \"name\" not defined" request=62895331276346 traceID=37e27c66-8e5a-4ccc-8900-da4496dffbab
time="2025-06-22 14:39:18" level=info msg="Api [GetTemplate] started" request="code:\"OTP_REASON_REGISTRATION\" channel:\"whatsapp\" traceId:\"ae88823c-5e17-45d7-960b-2a4bc6657351\"" traceID=ae88823c-5e17-45d7-960b-2a4bc6657351
time="2025-06-22 14:39:18" level=info msg="Api [GetTemplate] started processing" request="code:\"OTP_REASON_REGISTRATION\" channel:\"whatsapp\" traceId:\"ae88823c-5e17-45d7-960b-2a4bc6657351\"" traceID=ae88823c-5e17-45d7-960b-2a4bc6657351
time="2025-06-22 14:39:18" level=info msg="Api [GetTemplate] finished successfully" request="code:\"OTP_REASON_REGISTRATION\" channel:\"whatsapp\" traceId:\"ae88823c-5e17-45d7-960b-2a4bc6657351\"" traceID=ae88823c-5e17-45d7-960b-2a4bc6657351
time="2025-06-22 14:39:18" level=info msg="Api [SendNotification] started" request=62895331276346 traceID=ae88823c-5e17-45d7-960b-2a4bc6657351
time="2025-06-22 14:39:34" level=error msg="Api [SendNotification] Failed to send WhatsApp" error="whapi failed: {\"error\":\"Channel not found\",\"requestId\":\"c9cf9b3a-eec8-4c1e-b1f8-18465eab48ff\"}" request=62895331276346 traceID=ae88823c-5e17-45d7-960b-2a4bc6657351
time="2025-06-22 14:41:15" level=info msg="Connected to DB"
time="2025-06-22 14:41:15" level=info msg="Connected to DB"
time="2025-06-22 14:41:15" level=info msg="gRPC server started on :4441"
time="2025-06-22 14:41:26" level=info msg="Api [GetTemplate] started" request="code:\"OTP_REASON_REGISTRATION\" channel:\"whatsapp\" traceId:\"efbfd6d6-f583-4acf-9e8a-a484567212da\"" traceID=efbfd6d6-f583-4acf-9e8a-a484567212da
time="2025-06-22 14:41:26" level=info msg="Api [GetTemplate] started processing" request="code:\"OTP_REASON_REGISTRATION\" channel:\"whatsapp\" traceId:\"efbfd6d6-f583-4acf-9e8a-a484567212da\"" traceID=efbfd6d6-f583-4acf-9e8a-a484567212da
time="2025-06-22 14:41:26" level=info msg="Api [GetTemplate] finished successfully" request="code:\"OTP_REASON_REGISTRATION\" channel:\"whatsapp\" traceId:\"efbfd6d6-f583-4acf-9e8a-a484567212da\"" traceID=efbfd6d6-f583-4acf-9e8a-a484567212da
time="2025-06-22 14:41:26" level=info msg="Api [SendNotification] started" request=62895331276346 traceID=efbfd6d6-f583-4acf-9e8a-a484567212da
time="2025-06-22 14:42:36" level=info msg="Connected to DB"
time="2025-06-22 14:42:36" level=info msg="Connected to DB"
time="2025-06-22 14:42:36" level=info msg="gRPC server started on :4441"
time="2025-06-22 14:42:42" level=info msg="Api [GetTemplate] started" request="code:\"OTP_REASON_REGISTRATION\"  channel:\"whatsapp\"  traceId:\"ee967368-cb91-47be-9cf7-25e9b2841ea8\"" traceID=ee967368-cb91-47be-9cf7-25e9b2841ea8
time="2025-06-22 14:42:42" level=info msg="Api [GetTemplate] started processing" request="code:\"OTP_REASON_REGISTRATION\"  channel:\"whatsapp\"  traceId:\"ee967368-cb91-47be-9cf7-25e9b2841ea8\"" traceID=ee967368-cb91-47be-9cf7-25e9b2841ea8
time="2025-06-22 14:42:42" level=info msg="Api [GetTemplate] finished successfully" request="code:\"OTP_REASON_REGISTRATION\"  channel:\"whatsapp\"  traceId:\"ee967368-cb91-47be-9cf7-25e9b2841ea8\"" traceID=ee967368-cb91-47be-9cf7-25e9b2841ea8
time="2025-06-22 14:42:42" level=info msg="Api [SendNotification] started" request=62895331276346 traceID=ee967368-cb91-47be-9cf7-25e9b2841ea8
time="2025-06-22 14:42:42" level=info msg="Api [SendNotification] WhatsApp sent successfully" request=62895331276346 traceID=ee967368-cb91-47be-9cf7-25e9b2841ea8
time="2025-06-22 14:43:49" level=info msg="Connected to DB"
time="2025-06-22 14:43:49" level=info msg="Connected to DB"
time="2025-06-22 14:43:49" level=info msg="gRPC server started on :4441"
time="2025-06-22 14:43:51" level=info msg="Api [GetTemplate] started" request="code:\"OTP_REASON_REGISTRATION\"  channel:\"whatsapp\"  traceId:\"45f2541c-5214-4cdc-9284-172a7fe4762b\"" traceID=45f2541c-5214-4cdc-9284-172a7fe4762b
time="2025-06-22 14:43:51" level=info msg="Api [GetTemplate] started processing" request="code:\"OTP_REASON_REGISTRATION\"  channel:\"whatsapp\"  traceId:\"45f2541c-5214-4cdc-9284-172a7fe4762b\"" traceID=45f2541c-5214-4cdc-9284-172a7fe4762b
time="2025-06-22 14:43:51" level=info msg="Api [GetTemplate] finished successfully" request="code:\"OTP_REASON_REGISTRATION\"  channel:\"whatsapp\"  traceId:\"45f2541c-5214-4cdc-9284-172a7fe4762b\"" traceID=45f2541c-5214-4cdc-9284-172a7fe4762b
time="2025-06-22 14:43:51" level=info msg="Api [SendNotification] started" request=62895331276346 traceID=45f2541c-5214-4cdc-9284-172a7fe4762b
time="2025-06-22 14:43:51" level=info msg="Api [SendNotification] WhatsApp sent successfully" request=62895331276346 traceID=45f2541c-5214-4cdc-9284-172a7fe4762b
time="2025-06-22 14:44:16" level=info msg="Connected to DB"
time="2025-06-22 14:44:16" level=info msg="Connected to DB"
time="2025-06-22 14:44:16" level=info msg="gRPC server started on :4441"
time="2025-06-22 14:44:19" level=info msg="Api [GetTemplate] started" request="code:\"OTP_REASON_REGISTRATION\"  channel:\"whatsapp\"  traceId:\"37c05bf3-ae20-4857-a041-fec6d3078e6a\"" traceID=37c05bf3-ae20-4857-a041-fec6d3078e6a
time="2025-06-22 14:44:19" level=info msg="Api [GetTemplate] started processing" request="code:\"OTP_REASON_REGISTRATION\"  channel:\"whatsapp\"  traceId:\"37c05bf3-ae20-4857-a041-fec6d3078e6a\"" traceID=37c05bf3-ae20-4857-a041-fec6d3078e6a
time="2025-06-22 14:44:19" level=info msg="Api [GetTemplate] finished successfully" request="code:\"OTP_REASON_REGISTRATION\"  channel:\"whatsapp\"  traceId:\"37c05bf3-ae20-4857-a041-fec6d3078e6a\"" traceID=37c05bf3-ae20-4857-a041-fec6d3078e6a
time="2025-06-22 14:44:19" level=info msg="Api [SendNotification] started" request=62895331276346 traceID=37c05bf3-ae20-4857-a041-fec6d3078e6a
time="2025-06-22 14:44:19" level=info msg="Api [SendNotification] WhatsApp sent successfully" request=62895331276346 traceID=37c05bf3-ae20-4857-a041-fec6d3078e6a
time="2025-06-22 14:47:06" level=info msg="Connected to DB"
time="2025-06-22 14:47:06" level=info msg="Connected to DB"
time="2025-06-22 14:47:06" level=info msg="gRPC server started on :4441"
time="2025-06-22 14:47:10" level=info msg="Api [GetTemplate] started" request="code:\"OTP_REASON_REGISTRATION\" channel:\"whatsapp\" traceId:\"7ed95ce7-8958-43b2-96bb-1e74847059c2\"" traceID=7ed95ce7-8958-43b2-96bb-1e74847059c2
time="2025-06-22 14:47:10" level=info msg="Api [GetTemplate] started processing" request="code:\"OTP_REASON_REGISTRATION\" channel:\"whatsapp\" traceId:\"7ed95ce7-8958-43b2-96bb-1e74847059c2\"" traceID=7ed95ce7-8958-43b2-96bb-1e74847059c2
time="2025-06-22 14:47:10" level=info msg="Api [GetTemplate] finished successfully" request="code:\"OTP_REASON_REGISTRATION\" channel:\"whatsapp\" traceId:\"7ed95ce7-8958-43b2-96bb-1e74847059c2\"" traceID=7ed95ce7-8958-43b2-96bb-1e74847059c2
time="2025-06-22 14:47:10" level=info msg="Api [SendNotification] started" request=62895331276346 traceID=7ed95ce7-8958-43b2-96bb-1e74847059c2
time="2025-06-22 14:47:10" level=info msg="Api [SendNotification] WhatsApp sent successfully" request=62895331276346 traceID=7ed95ce7-8958-43b2-96bb-1e74847059c2
time="2025-06-22 14:54:45" level=info msg="Connected to DB"
time="2025-06-22 14:54:45" level=info msg="Connected to DB"
time="2025-06-22 14:54:45" level=info msg="gRPC server started on :4441"
time="2025-06-22 14:54:49" level=info msg="Api [GetTemplate] started" request="code:\"OTP_REASON_REGISTRATION\" channel:\"whatsapp\" traceId:\"7c7e7a3d-6a3a-4cc7-8b60-1fbbda5f38dc\"" traceID=7c7e7a3d-6a3a-4cc7-8b60-1fbbda5f38dc
time="2025-06-22 14:54:49" level=info msg="Api [GetTemplate] started processing" request="code:\"OTP_REASON_REGISTRATION\" channel:\"whatsapp\" traceId:\"7c7e7a3d-6a3a-4cc7-8b60-1fbbda5f38dc\"" traceID=7c7e7a3d-6a3a-4cc7-8b60-1fbbda5f38dc
time="2025-06-22 14:54:49" level=info msg="Api [GetTemplate] finished successfully" request="code:\"OTP_REASON_REGISTRATION\" channel:\"whatsapp\" traceId:\"7c7e7a3d-6a3a-4cc7-8b60-1fbbda5f38dc\"" traceID=7c7e7a3d-6a3a-4cc7-8b60-1fbbda5f38dc
time="2025-06-22 14:54:49" level=info msg="Api [SendNotification] started" request=62895331276346 traceID=7c7e7a3d-6a3a-4cc7-8b60-1fbbda5f38dc
time="2025-06-22 14:54:49" level=info msg="Api [SendNotification] WhatsApp sent successfully" request=62895331276346 traceID=7c7e7a3d-6a3a-4cc7-8b60-1fbbda5f38dc
time="2025-06-22 14:55:05" level=info msg="Connected to DB"
time="2025-06-22 14:55:05" level=info msg="Connected to DB"
time="2025-06-22 14:55:05" level=info msg="gRPC server started on :4441"
time="2025-06-22 14:55:18" level=info msg="Api [GetTemplate] started" request="code:\"OTP_REASON_REGISTRATION\"  channel:\"whatsapp\"  traceId:\"1c12ccd6-30f6-4257-93fe-7958ad199697\"" traceID=1c12ccd6-30f6-4257-93fe-7958ad199697
time="2025-06-22 14:55:18" level=info msg="Api [GetTemplate] started processing" request="code:\"OTP_REASON_REGISTRATION\"  channel:\"whatsapp\"  traceId:\"1c12ccd6-30f6-4257-93fe-7958ad199697\"" traceID=1c12ccd6-30f6-4257-93fe-7958ad199697
time="2025-06-22 14:55:18" level=info msg="Api [GetTemplate] finished successfully" request="code:\"OTP_REASON_REGISTRATION\"  channel:\"whatsapp\"  traceId:\"1c12ccd6-30f6-4257-93fe-7958ad199697\"" traceID=1c12ccd6-30f6-4257-93fe-7958ad199697
time="2025-06-22 14:55:18" level=info msg="Api [SendNotification] started" request=62895331276346 traceID=1c12ccd6-30f6-4257-93fe-7958ad199697
time="2025-06-22 14:55:18" level=info msg="Api [SendNotification] WhatsApp sent successfully" request=62895331276346 traceID=1c12ccd6-30f6-4257-93fe-7958ad199697
time="2025-06-22 14:58:58" level=info msg="Connected to DB"
time="2025-06-22 14:58:58" level=info msg="Connected to DB"
time="2025-06-22 14:58:58" level=info msg="gRPC server started on :4441"
time="2025-06-22 14:59:01" level=info msg="Api [GetTemplate] started" request="code:\"OTP_REASON_REGISTRATION\" channel:\"whatsapp\" traceId:\"c695471d-040f-4884-ba0a-ffcc349bd900\"" traceID=c695471d-040f-4884-ba0a-ffcc349bd900
time="2025-06-22 14:59:01" level=info msg="Api [GetTemplate] started processing" request="code:\"OTP_REASON_REGISTRATION\" channel:\"whatsapp\" traceId:\"c695471d-040f-4884-ba0a-ffcc349bd900\"" traceID=c695471d-040f-4884-ba0a-ffcc349bd900
time="2025-06-22 14:59:01" level=info msg="Api [GetTemplate] finished successfully" request="code:\"OTP_REASON_REGISTRATION\" channel:\"whatsapp\" traceId:\"c695471d-040f-4884-ba0a-ffcc349bd900\"" traceID=c695471d-040f-4884-ba0a-ffcc349bd900
time="2025-06-22 14:59:01" level=info msg="Api [SendNotification] started" request=62895331276346 traceID=c695471d-040f-4884-ba0a-ffcc349bd900
time="2025-06-22 14:59:01" level=info msg="Api [SendNotification] WhatsApp sent successfully" request=62895331276346 traceID=c695471d-040f-4884-ba0a-ffcc349bd900
time="2025-06-22 15:00:25" level=info msg="Connected to DB"
time="2025-06-22 15:00:25" level=info msg="Connected to DB"
time="2025-06-22 15:00:25" level=info msg="gRPC server started on :4441"
time="2025-06-22 15:00:29" level=info msg="Api [GetTemplate] started" request="code:\"OTP_REASON_REGISTRATION\" channel:\"whatsapp\" traceId:\"8c53c5db-2fb8-44f1-a7dd-64bf6f778806\"" traceID=8c53c5db-2fb8-44f1-a7dd-64bf6f778806
time="2025-06-22 15:00:29" level=info msg="Api [GetTemplate] started processing" request="code:\"OTP_REASON_REGISTRATION\" channel:\"whatsapp\" traceId:\"8c53c5db-2fb8-44f1-a7dd-64bf6f778806\"" traceID=8c53c5db-2fb8-44f1-a7dd-64bf6f778806
time="2025-06-22 15:00:29" level=info msg="Api [GetTemplate] finished successfully" request="code:\"OTP_REASON_REGISTRATION\" channel:\"whatsapp\" traceId:\"8c53c5db-2fb8-44f1-a7dd-64bf6f778806\"" traceID=8c53c5db-2fb8-44f1-a7dd-64bf6f778806
time="2025-06-22 15:00:29" level=info msg="Api [SendNotification] started" request=62895331276346 traceID=8c53c5db-2fb8-44f1-a7dd-64bf6f778806
time="2025-06-22 15:00:29" level=info msg="Api [SendNotification] WhatsApp sent successfully" request=62895331276346 traceID=8c53c5db-2fb8-44f1-a7dd-64bf6f778806
time="2025-06-22 15:02:03" level=info msg="Connected to DB"
time="2025-06-22 15:02:03" level=info msg="Connected to DB"
time="2025-06-22 15:02:03" level=info msg="gRPC server started on :4441"
time="2025-06-22 15:02:20" level=info msg="Api [GetTemplate] started" request="code:\"OTP_REASON_REGISTRATION\" channel:\"whatsapp\" traceId:\"41823d47-b693-4081-9885-9832ed6b5996\"" traceID=41823d47-b693-4081-9885-9832ed6b5996
time="2025-06-22 15:02:20" level=info msg="Api [GetTemplate] started processing" request="code:\"OTP_REASON_REGISTRATION\" channel:\"whatsapp\" traceId:\"41823d47-b693-4081-9885-9832ed6b5996\"" traceID=41823d47-b693-4081-9885-9832ed6b5996
time="2025-06-22 15:02:20" level=info msg="Api [GetTemplate] finished successfully" request="code:\"OTP_REASON_REGISTRATION\" channel:\"whatsapp\" traceId:\"41823d47-b693-4081-9885-9832ed6b5996\"" traceID=41823d47-b693-4081-9885-9832ed6b5996
time="2025-06-22 15:02:20" level=info msg="Api [SendNotification] started" request=62895331276346 traceID=41823d47-b693-4081-9885-9832ed6b5996
time="2025-06-22 15:02:20" level=info msg="Api [SendNotification] WhatsApp sent successfully" request=62895331276346 traceID=41823d47-b693-4081-9885-9832ed6b5996
time="2025-06-22 15:03:13" level=info msg="Connected to DB"
time="2025-06-22 15:03:13" level=info msg="Connected to DB"
time="2025-06-22 15:03:13" level=info msg="gRPC server started on :4441"
time="2025-06-22 15:03:16" level=info msg="Api [GetTemplate] started" request="code:\"OTP_REASON_REGISTRATION\"  channel:\"whatsapp\"  traceId:\"3d682257-58dc-48af-8e87-126d0f39dc26\"" traceID=3d682257-58dc-48af-8e87-126d0f39dc26
time="2025-06-22 15:03:16" level=info msg="Api [GetTemplate] started processing" request="code:\"OTP_REASON_REGISTRATION\"  channel:\"whatsapp\"  traceId:\"3d682257-58dc-48af-8e87-126d0f39dc26\"" traceID=3d682257-58dc-48af-8e87-126d0f39dc26
time="2025-06-22 15:03:16" level=info msg="Api [GetTemplate] finished successfully" request="code:\"OTP_REASON_REGISTRATION\"  channel:\"whatsapp\"  traceId:\"3d682257-58dc-48af-8e87-126d0f39dc26\"" traceID=3d682257-58dc-48af-8e87-126d0f39dc26
time="2025-06-22 15:03:16" level=info msg="Api [SendNotification] started" request=62895331276346 traceID=3d682257-58dc-48af-8e87-126d0f39dc26
time="2025-06-22 15:03:16" level=info msg="Api [SendNotification] WhatsApp sent successfully" request=62895331276346 traceID=3d682257-58dc-48af-8e87-126d0f39dc26
time="2025-06-22 15:03:53" level=info msg="Connected to DB"
time="2025-06-22 15:03:53" level=info msg="Connected to DB"
time="2025-06-22 15:03:53" level=info msg="gRPC server started on :4441"
time="2025-06-22 15:03:55" level=info msg="Api [GetTemplate] started" request="code:\"OTP_REASON_REGISTRATION\" channel:\"whatsapp\" traceId:\"5bf5aac0-fd3d-4a93-8a7c-c10221a228d3\"" traceID=5bf5aac0-fd3d-4a93-8a7c-c10221a228d3
time="2025-06-22 15:03:55" level=info msg="Api [GetTemplate] started processing" request="code:\"OTP_REASON_REGISTRATION\" channel:\"whatsapp\" traceId:\"5bf5aac0-fd3d-4a93-8a7c-c10221a228d3\"" traceID=5bf5aac0-fd3d-4a93-8a7c-c10221a228d3
time="2025-06-22 15:03:55" level=info msg="Api [GetTemplate] finished successfully" request="code:\"OTP_REASON_REGISTRATION\" channel:\"whatsapp\" traceId:\"5bf5aac0-fd3d-4a93-8a7c-c10221a228d3\"" traceID=5bf5aac0-fd3d-4a93-8a7c-c10221a228d3
time="2025-06-22 15:03:55" level=info msg="Api [SendNotification] started" request=62895331276346 traceID=5bf5aac0-fd3d-4a93-8a7c-c10221a228d3
time="2025-06-22 15:03:55" level=info msg="Api [SendNotification] WhatsApp sent successfully" request=62895331276346 traceID=5bf5aac0-fd3d-4a93-8a7c-c10221a228d3
time="2025-06-22 15:04:48" level=info msg="Connected to DB"
time="2025-06-22 15:04:48" level=info msg="Connected to DB"
time="2025-06-22 15:04:48" level=info msg="gRPC server started on :4441"
time="2025-06-22 15:04:50" level=info msg="Api [GetTemplate] started" request="code:\"OTP_REASON_REGISTRATION\"  channel:\"whatsapp\"  traceId:\"4d010feb-55d5-4886-9b49-5f2d4fbe0a50\"" traceID=4d010feb-55d5-4886-9b49-5f2d4fbe0a50
time="2025-06-22 15:04:50" level=info msg="Api [GetTemplate] started processing" request="code:\"OTP_REASON_REGISTRATION\"  channel:\"whatsapp\"  traceId:\"4d010feb-55d5-4886-9b49-5f2d4fbe0a50\"" traceID=4d010feb-55d5-4886-9b49-5f2d4fbe0a50
time="2025-06-22 15:04:50" level=info msg="Api [GetTemplate] finished successfully" request="code:\"OTP_REASON_REGISTRATION\"  channel:\"whatsapp\"  traceId:\"4d010feb-55d5-4886-9b49-5f2d4fbe0a50\"" traceID=4d010feb-55d5-4886-9b49-5f2d4fbe0a50
time="2025-06-22 15:04:50" level=info msg="Api [SendNotification] started" request=62895331276346 traceID=4d010feb-55d5-4886-9b49-5f2d4fbe0a50
time="2025-06-22 15:04:50" level=info msg="Api [SendNotification] WhatsApp sent successfully" request=62895331276346 traceID=4d010feb-55d5-4886-9b49-5f2d4fbe0a50
time="2025-06-22 15:05:05" level=info msg="Connected to DB"
time="2025-06-22 15:05:05" level=info msg="Connected to DB"
time="2025-06-22 15:05:05" level=info msg="gRPC server started on :4441"
time="2025-06-22 15:05:08" level=info msg="Api [GetTemplate] started" request="code:\"OTP_REASON_REGISTRATION\"  channel:\"whatsapp\"  traceId:\"0eea9ba7-45ac-4ad6-ba04-9d5eb9b4bb0a\"" traceID=0eea9ba7-45ac-4ad6-ba04-9d5eb9b4bb0a
time="2025-06-22 15:05:08" level=info msg="Api [GetTemplate] started processing" request="code:\"OTP_REASON_REGISTRATION\"  channel:\"whatsapp\"  traceId:\"0eea9ba7-45ac-4ad6-ba04-9d5eb9b4bb0a\"" traceID=0eea9ba7-45ac-4ad6-ba04-9d5eb9b4bb0a
time="2025-06-22 15:05:08" level=info msg="Api [GetTemplate] finished successfully" request="code:\"OTP_REASON_REGISTRATION\"  channel:\"whatsapp\"  traceId:\"0eea9ba7-45ac-4ad6-ba04-9d5eb9b4bb0a\"" traceID=0eea9ba7-45ac-4ad6-ba04-9d5eb9b4bb0a
time="2025-06-22 15:05:08" level=info msg="Api [SendNotification] started" request=62895331276346 traceID=0eea9ba7-45ac-4ad6-ba04-9d5eb9b4bb0a
time="2025-06-22 15:05:08" level=info msg="Api [SendNotification] WhatsApp sent successfully" request=62895331276346 traceID=0eea9ba7-45ac-4ad6-ba04-9d5eb9b4bb0a
time="2025-06-22 15:06:29" level=info msg="Connected to DB"
time="2025-06-22 15:06:29" level=info msg="Connected to DB"
time="2025-06-22 15:06:29" level=info msg="gRPC server started on :4441"
time="2025-06-22 15:06:30" level=info msg="Api [GetTemplate] started" request="code:\"OTP_REASON_REGISTRATION\" channel:\"whatsapp\" traceId:\"adb7ced2-4723-40fd-9570-b9bbd35bf4d4\"" traceID=adb7ced2-4723-40fd-9570-b9bbd35bf4d4
time="2025-06-22 15:06:30" level=info msg="Api [GetTemplate] started processing" request="code:\"OTP_REASON_REGISTRATION\" channel:\"whatsapp\" traceId:\"adb7ced2-4723-40fd-9570-b9bbd35bf4d4\"" traceID=adb7ced2-4723-40fd-9570-b9bbd35bf4d4
time="2025-06-22 15:06:30" level=info msg="Api [GetTemplate] finished successfully" request="code:\"OTP_REASON_REGISTRATION\" channel:\"whatsapp\" traceId:\"adb7ced2-4723-40fd-9570-b9bbd35bf4d4\"" traceID=adb7ced2-4723-40fd-9570-b9bbd35bf4d4
time="2025-06-22 15:06:30" level=info msg="Api [SendNotification] started" request=62895331276346 traceID=adb7ced2-4723-40fd-9570-b9bbd35bf4d4
time="2025-06-22 15:06:30" level=info msg="Api [SendNotification] WhatsApp sent successfully" request=62895331276346 traceID=adb7ced2-4723-40fd-9570-b9bbd35bf4d4
time="2025-06-22 15:06:30" level=error msg="Api [SendNotification] Failed to save system log" error="sql: converting argument $5 type: unsupported type system.MetadataTemplate, a struct" request=62895331276346 traceID=adb7ced2-4723-40fd-9570-b9bbd35bf4d4
time="2025-06-22 15:07:36" level=info msg="Connected to DB"
time="2025-06-22 15:07:36" level=info msg="Connected to DB"
time="2025-06-22 15:07:36" level=info msg="gRPC server started on :4441"
time="2025-06-22 15:07:38" level=info msg="Api [GetTemplate] started" request="code:\"OTP_REASON_REGISTRATION\"  channel:\"whatsapp\"  traceId:\"b1b91970-e66b-488c-9f56-713d2a1f2368\"" traceID=b1b91970-e66b-488c-9f56-713d2a1f2368
time="2025-06-22 15:07:38" level=info msg="Api [GetTemplate] started processing" request="code:\"OTP_REASON_REGISTRATION\"  channel:\"whatsapp\"  traceId:\"b1b91970-e66b-488c-9f56-713d2a1f2368\"" traceID=b1b91970-e66b-488c-9f56-713d2a1f2368
time="2025-06-22 15:07:38" level=info msg="Api [GetTemplate] finished successfully" request="code:\"OTP_REASON_REGISTRATION\"  channel:\"whatsapp\"  traceId:\"b1b91970-e66b-488c-9f56-713d2a1f2368\"" traceID=b1b91970-e66b-488c-9f56-713d2a1f2368
time="2025-06-22 15:07:38" level=info msg="Api [SendNotification] started" request=62895331276346 traceID=b1b91970-e66b-488c-9f56-713d2a1f2368
time="2025-06-22 15:07:38" level=info msg="Api [SendNotification] WhatsApp sent successfully" request=62895331276346 traceID=b1b91970-e66b-488c-9f56-713d2a1f2368
time="2025-06-22 15:07:38" level=error msg="Api [SendNotification] Failed to save system log" error="pq: INSERT has more target columns than expressions" request=62895331276346 traceID=b1b91970-e66b-488c-9f56-713d2a1f2368
time="2025-06-22 15:08:19" level=info msg="Connected to DB"
time="2025-06-22 15:08:19" level=info msg="Connected to DB"
time="2025-06-22 15:08:19" level=info msg="gRPC server started on :4441"
time="2025-06-22 15:08:21" level=info msg="Api [GetTemplate] started" request="code:\"OTP_REASON_REGISTRATION\"  channel:\"whatsapp\"  traceId:\"5c630d9a-efb4-4634-b5da-c92b1728b9ec\"" traceID=5c630d9a-efb4-4634-b5da-c92b1728b9ec
time="2025-06-22 15:08:21" level=info msg="Api [GetTemplate] started processing" request="code:\"OTP_REASON_REGISTRATION\"  channel:\"whatsapp\"  traceId:\"5c630d9a-efb4-4634-b5da-c92b1728b9ec\"" traceID=5c630d9a-efb4-4634-b5da-c92b1728b9ec
time="2025-06-22 15:08:21" level=info msg="Api [GetTemplate] finished successfully" request="code:\"OTP_REASON_REGISTRATION\"  channel:\"whatsapp\"  traceId:\"5c630d9a-efb4-4634-b5da-c92b1728b9ec\"" traceID=5c630d9a-efb4-4634-b5da-c92b1728b9ec
time="2025-06-22 15:08:21" level=info msg="Api [SendNotification] started" request=62895331276346 traceID=5c630d9a-efb4-4634-b5da-c92b1728b9ec
time="2025-06-22 15:08:21" level=info msg="Api [SendNotification] WhatsApp sent successfully" request=62895331276346 traceID=5c630d9a-efb4-4634-b5da-c92b1728b9ec
time="2025-06-22 15:08:21" level=error msg="Api [SendNotification] Failed to save system log" error="pq: got 13 parameters but the statement requires 14" request=62895331276346 traceID=5c630d9a-efb4-4634-b5da-c92b1728b9ec
time="2025-06-22 15:10:31" level=info msg="Connected to DB"
time="2025-06-22 15:10:32" level=info msg="Connected to DB"
time="2025-06-22 15:10:32" level=info msg="gRPC server started on :4441"
time="2025-06-22 15:10:47" level=info msg="Api [GetTemplate] started" request="code:\"OTP_REASON_REGISTRATION\"  channel:\"whatsapp\"  traceId:\"f76bb16a-5ac0-4600-8e0d-fc4692d79999\"" traceID=f76bb16a-5ac0-4600-8e0d-fc4692d79999
time="2025-06-22 15:10:47" level=info msg="Api [GetTemplate] started processing" request="code:\"OTP_REASON_REGISTRATION\"  channel:\"whatsapp\"  traceId:\"f76bb16a-5ac0-4600-8e0d-fc4692d79999\"" traceID=f76bb16a-5ac0-4600-8e0d-fc4692d79999
time="2025-06-22 15:10:47" level=info msg="Api [GetTemplate] finished successfully" request="code:\"OTP_REASON_REGISTRATION\"  channel:\"whatsapp\"  traceId:\"f76bb16a-5ac0-4600-8e0d-fc4692d79999\"" traceID=f76bb16a-5ac0-4600-8e0d-fc4692d79999
time="2025-06-22 15:10:47" level=info msg="Api [SendNotification] started" request=62895331276346 traceID=f76bb16a-5ac0-4600-8e0d-fc4692d79999
time="2025-06-22 15:10:47" level=info msg="Api [SendNotification] WhatsApp sent successfully" request=62895331276346 traceID=f76bb16a-5ac0-4600-8e0d-fc4692d79999
time="2025-06-22 15:12:16" level=info msg="Api [GetTemplate] started" request="code:\"OTP_REASON_REGISTRATION\"  channel:\"whatsapp\"  traceId:\"9e6b1c4f-3aa7-43ab-bd81-e1d4dd6d9f9e\"" traceID=9e6b1c4f-3aa7-43ab-bd81-e1d4dd6d9f9e
time="2025-06-22 15:12:16" level=info msg="Api [GetTemplate] started processing" request="code:\"OTP_REASON_REGISTRATION\"  channel:\"whatsapp\"  traceId:\"9e6b1c4f-3aa7-43ab-bd81-e1d4dd6d9f9e\"" traceID=9e6b1c4f-3aa7-43ab-bd81-e1d4dd6d9f9e
time="2025-06-22 15:12:16" level=info msg="Api [GetTemplate] finished successfully" request="code:\"OTP_REASON_REGISTRATION\"  channel:\"whatsapp\"  traceId:\"9e6b1c4f-3aa7-43ab-bd81-e1d4dd6d9f9e\"" traceID=9e6b1c4f-3aa7-43ab-bd81-e1d4dd6d9f9e
time="2025-06-22 15:12:16" level=info msg="Api [SendNotification] started" request=62895331276346 traceID=9e6b1c4f-3aa7-43ab-bd81-e1d4dd6d9f9e
time="2025-06-22 15:12:16" level=info msg="Api [SendNotification] WhatsApp sent successfully" request=62895331276346 traceID=9e6b1c4f-3aa7-43ab-bd81-e1d4dd6d9f9e
time="2025-06-22 15:13:10" level=info msg="Connected to DB"
time="2025-06-22 15:13:10" level=info msg="Connected to DB"
time="2025-06-22 15:13:10" level=info msg="gRPC server started on :4441"
time="2025-06-22 15:13:34" level=info msg="Api [GetTemplate] started" request="code:\"OTP_REASON_REGISTRATION\" channel:\"whatsapp\" traceId:\"5ac947f2-6bc7-4b3a-bfed-464c72645c39\"" traceID=5ac947f2-6bc7-4b3a-bfed-464c72645c39
time="2025-06-22 15:13:34" level=info msg="Api [GetTemplate] started processing" request="code:\"OTP_REASON_REGISTRATION\" channel:\"whatsapp\" traceId:\"5ac947f2-6bc7-4b3a-bfed-464c72645c39\"" traceID=5ac947f2-6bc7-4b3a-bfed-464c72645c39
time="2025-06-22 15:13:34" level=info msg="Api [GetTemplate] finished successfully" request="code:\"OTP_REASON_REGISTRATION\" channel:\"whatsapp\" traceId:\"5ac947f2-6bc7-4b3a-bfed-464c72645c39\"" traceID=5ac947f2-6bc7-4b3a-bfed-464c72645c39
time="2025-06-22 15:13:34" level=info msg="Api [SendNotification] started" request=62895331276346 traceID=5ac947f2-6bc7-4b3a-bfed-464c72645c39
time="2025-06-22 15:13:34" level=info msg="Api [SendNotification] WhatsApp sent successfully" request=62895331276346 traceID=5ac947f2-6bc7-4b3a-bfed-464c72645c39
time="2025-06-22 15:15:20" level=info msg="Api [GetTemplate] started" request="code:\"OTP_REASON_REGISTRATION\" channel:\"whatsapp\" traceId:\"c0fa2eb7-4b0a-46ea-a813-28e3d9d4662a\"" traceID=c0fa2eb7-4b0a-46ea-a813-28e3d9d4662a
time="2025-06-22 15:15:20" level=info msg="Api [GetTemplate] started processing" request="code:\"OTP_REASON_REGISTRATION\" channel:\"whatsapp\" traceId:\"c0fa2eb7-4b0a-46ea-a813-28e3d9d4662a\"" traceID=c0fa2eb7-4b0a-46ea-a813-28e3d9d4662a
time="2025-06-22 15:15:20" level=info msg="Api [GetTemplate] finished successfully" request="code:\"OTP_REASON_REGISTRATION\" channel:\"whatsapp\" traceId:\"c0fa2eb7-4b0a-46ea-a813-28e3d9d4662a\"" traceID=c0fa2eb7-4b0a-46ea-a813-28e3d9d4662a
time="2025-06-22 15:15:20" level=info msg="Api [SendNotification] started" request=62895331276346 traceID=c0fa2eb7-4b0a-46ea-a813-28e3d9d4662a
time="2025-06-22 15:15:20" level=info msg="Api [SendNotification] WhatsApp sent successfully" request=62895331276346 traceID=c0fa2eb7-4b0a-46ea-a813-28e3d9d4662a
time="2025-06-22 15:23:59" level=info msg="Connected to DB"
time="2025-06-22 15:23:59" level=info msg="Connected to DB"
time="2025-06-22 15:23:59" level=info msg="gRPC server started on :4441"
time="2025-06-22 15:28:20" level=info msg="Connected to DB"
time="2025-06-22 15:28:20" level=info msg="Connected to DB"
time="2025-06-22 15:28:20" level=info msg="gRPC server started on :4441"
time="2025-06-22 15:28:27" level=info msg="Api [GetTemplate] started" request="code:\"OTP_REASON_REGISTRATION\"  channel:\"whatsapp\"  traceId:\"8cf68387-4835-4809-9e1e-8283db7657e0\"" traceID=8cf68387-4835-4809-9e1e-8283db7657e0
time="2025-06-22 15:28:27" level=info msg="Api [GetTemplate] started processing" request="code:\"OTP_REASON_REGISTRATION\"  channel:\"whatsapp\"  traceId:\"8cf68387-4835-4809-9e1e-8283db7657e0\"" traceID=8cf68387-4835-4809-9e1e-8283db7657e0
time="2025-06-22 15:28:27" level=info msg="Api [GetTemplate] finished successfully" request="code:\"OTP_REASON_REGISTRATION\"  channel:\"whatsapp\"  traceId:\"8cf68387-4835-4809-9e1e-8283db7657e0\"" traceID=8cf68387-4835-4809-9e1e-8283db7657e0
time="2025-06-22 15:28:27" level=info msg="Api [SendNotification] started" request=62895331276346 traceID=8cf68387-4835-4809-9e1e-8283db7657e0
time="2025-06-22 15:28:27" level=info msg="Api [SendNotification] WhatsApp sent successfully" request=62895331276346 traceID=8cf68387-4835-4809-9e1e-8283db7657e0
time="2025-06-22 15:34:36" level=info msg="Connected to DB"
time="2025-06-22 15:34:36" level=info msg="Connected to DB"
time="2025-06-22 15:34:36" level=info msg="gRPC server started on :4441"
time="2025-06-22 15:34:43" level=info msg="Api [GetTemplate] started" request="code:\"OTP_REASON_REGISTRATION\"  channel:\"whatsapp\"  traceId:\"9e2b94f9-b128-440a-a397-ce1e34e48071\"" traceID=9e2b94f9-b128-440a-a397-ce1e34e48071
time="2025-06-22 15:34:43" level=info msg="Api [GetTemplate] started processing" request="code:\"OTP_REASON_REGISTRATION\"  channel:\"whatsapp\"  traceId:\"9e2b94f9-b128-440a-a397-ce1e34e48071\"" traceID=9e2b94f9-b128-440a-a397-ce1e34e48071
time="2025-06-22 15:34:43" level=info msg="Api [GetTemplate] finished successfully" request="code:\"OTP_REASON_REGISTRATION\"  channel:\"whatsapp\"  traceId:\"9e2b94f9-b128-440a-a397-ce1e34e48071\"" traceID=9e2b94f9-b128-440a-a397-ce1e34e48071
time="2025-06-22 15:34:43" level=info msg="Api [SendNotification] started" request=62895331276346 traceID=9e2b94f9-b128-440a-a397-ce1e34e48071
time="2025-06-22 15:34:44" level=info msg="Api [SendNotification] WhatsApp sent successfully" request=62895331276346 traceID=9e2b94f9-b128-440a-a397-ce1e34e48071
time="2025-06-22 15:36:37" level=info msg="Api [GetTemplate] started" request="code:\"OTP_REASON_REGISTRATION\"  channel:\"whatsapp\"  traceId:\"d5fd20fc-0b26-4cb4-a382-d7f0c370d962\"" traceID=d5fd20fc-0b26-4cb4-a382-d7f0c370d962
time="2025-06-22 15:36:37" level=info msg="Api [GetTemplate] started processing" request="code:\"OTP_REASON_REGISTRATION\"  channel:\"whatsapp\"  traceId:\"d5fd20fc-0b26-4cb4-a382-d7f0c370d962\"" traceID=d5fd20fc-0b26-4cb4-a382-d7f0c370d962
time="2025-06-22 15:36:37" level=info msg="Api [GetTemplate] finished successfully" request="code:\"OTP_REASON_REGISTRATION\"  channel:\"whatsapp\"  traceId:\"d5fd20fc-0b26-4cb4-a382-d7f0c370d962\"" traceID=d5fd20fc-0b26-4cb4-a382-d7f0c370d962
time="2025-06-22 15:36:37" level=info msg="Api [SendNotification] started" request=62895331276346 traceID=d5fd20fc-0b26-4cb4-a382-d7f0c370d962
time="2025-06-22 15:36:38" level=info msg="Api [SendNotification] WhatsApp sent successfully" request=62895331276346 traceID=d5fd20fc-0b26-4cb4-a382-d7f0c370d962
time="2025-06-22 15:38:35" level=info msg="Api [GetTemplate] started" request="code:\"OTP_REASON_REGISTRATION\"  channel:\"whatsapp\"  traceId:\"c9411213-07b4-4fee-8c6e-82b2293a5251\"" traceID=c9411213-07b4-4fee-8c6e-82b2293a5251
time="2025-06-22 15:38:35" level=info msg="Api [GetTemplate] started processing" request="code:\"OTP_REASON_REGISTRATION\"  channel:\"whatsapp\"  traceId:\"c9411213-07b4-4fee-8c6e-82b2293a5251\"" traceID=c9411213-07b4-4fee-8c6e-82b2293a5251
time="2025-06-22 15:38:35" level=info msg="Api [GetTemplate] finished successfully" request="code:\"OTP_REASON_REGISTRATION\"  channel:\"whatsapp\"  traceId:\"c9411213-07b4-4fee-8c6e-82b2293a5251\"" traceID=c9411213-07b4-4fee-8c6e-82b2293a5251
time="2025-06-22 15:38:35" level=info msg="Api [SendNotification] started" request=62895331276346 traceID=c9411213-07b4-4fee-8c6e-82b2293a5251
time="2025-06-22 15:38:36" level=info msg="Api [SendNotification] WhatsApp sent successfully" request=62895331276346 traceID=c9411213-07b4-4fee-8c6e-82b2293a5251
time="2025-06-22 15:41:21" level=info msg="Api [GetTemplate] started" request="code:\"OTP_REASON_REGISTRATION\"  channel:\"whatsapp\"  traceId:\"31fb27af-1d9f-4283-ab82-bc81772ca32a\"" traceID=31fb27af-1d9f-4283-ab82-bc81772ca32a
time="2025-06-22 15:41:21" level=info msg="Api [GetTemplate] started processing" request="code:\"OTP_REASON_REGISTRATION\"  channel:\"whatsapp\"  traceId:\"31fb27af-1d9f-4283-ab82-bc81772ca32a\"" traceID=31fb27af-1d9f-4283-ab82-bc81772ca32a
time="2025-06-22 15:41:21" level=info msg="Api [GetTemplate] finished successfully" request="code:\"OTP_REASON_REGISTRATION\"  channel:\"whatsapp\"  traceId:\"31fb27af-1d9f-4283-ab82-bc81772ca32a\"" traceID=31fb27af-1d9f-4283-ab82-bc81772ca32a
time="2025-06-22 15:41:21" level=info msg="Api [SendNotification] started" request=62895331276346 traceID=31fb27af-1d9f-4283-ab82-bc81772ca32a
time="2025-06-22 15:41:22" level=info msg="Api [SendNotification] WhatsApp sent successfully" request=62895331276346 traceID=31fb27af-1d9f-4283-ab82-bc81772ca32a
time="2025-06-22 15:42:14" level=info msg="Api [GetTemplate] started" request="code:\"OTP_REASON_REGISTRATION\"  channel:\"whatsapp\"  traceId:\"8afcc009-5bbe-4f63-a509-2ef357cb1578\"" traceID=8afcc009-5bbe-4f63-a509-2ef357cb1578
time="2025-06-22 15:42:14" level=info msg="Api [GetTemplate] started processing" request="code:\"OTP_REASON_REGISTRATION\"  channel:\"whatsapp\"  traceId:\"8afcc009-5bbe-4f63-a509-2ef357cb1578\"" traceID=8afcc009-5bbe-4f63-a509-2ef357cb1578
time="2025-06-22 15:42:14" level=info msg="Api [GetTemplate] finished successfully" request="code:\"OTP_REASON_REGISTRATION\"  channel:\"whatsapp\"  traceId:\"8afcc009-5bbe-4f63-a509-2ef357cb1578\"" traceID=8afcc009-5bbe-4f63-a509-2ef357cb1578
time="2025-06-22 15:42:14" level=info msg="Api [SendNotification] started" request=62895331276346 traceID=8afcc009-5bbe-4f63-a509-2ef357cb1578
time="2025-06-22 15:42:14" level=info msg="Api [SendNotification] WhatsApp sent successfully" request=62895331276346 traceID=8afcc009-5bbe-4f63-a509-2ef357cb1578
time="2025-06-22 15:42:55" level=info msg="Api [GetTemplate] started" request="code:\"OTP_REASON_REGISTRATION\"  channel:\"whatsapp\"  traceId:\"9619d03a-ce0f-42e5-a5e7-0d142db9096c\"" traceID=9619d03a-ce0f-42e5-a5e7-0d142db9096c
time="2025-06-22 15:42:55" level=info msg="Api [GetTemplate] started processing" request="code:\"OTP_REASON_REGISTRATION\"  channel:\"whatsapp\"  traceId:\"9619d03a-ce0f-42e5-a5e7-0d142db9096c\"" traceID=9619d03a-ce0f-42e5-a5e7-0d142db9096c
time="2025-06-22 15:42:55" level=info msg="Api [GetTemplate] finished successfully" request="code:\"OTP_REASON_REGISTRATION\"  channel:\"whatsapp\"  traceId:\"9619d03a-ce0f-42e5-a5e7-0d142db9096c\"" traceID=9619d03a-ce0f-42e5-a5e7-0d142db9096c
time="2025-06-22 15:42:55" level=info msg="Api [SendNotification] started" request=62895331276346 traceID=9619d03a-ce0f-42e5-a5e7-0d142db9096c
time="2025-06-22 15:42:56" level=info msg="Api [SendNotification] WhatsApp sent successfully" request=62895331276346 traceID=9619d03a-ce0f-42e5-a5e7-0d142db9096c
time="2025-06-22 15:44:13" level=info msg="Api [GetTemplate] started" request="code:\"OTP_REASON_REGISTRATION\"  channel:\"whatsapp\"  traceId:\"daf7cd1f-0b86-4e5f-bb49-f955e74c47ad\"" traceID=daf7cd1f-0b86-4e5f-bb49-f955e74c47ad
time="2025-06-22 15:44:13" level=info msg="Api [GetTemplate] started processing" request="code:\"OTP_REASON_REGISTRATION\"  channel:\"whatsapp\"  traceId:\"daf7cd1f-0b86-4e5f-bb49-f955e74c47ad\"" traceID=daf7cd1f-0b86-4e5f-bb49-f955e74c47ad
time="2025-06-22 15:44:13" level=info msg="Api [GetTemplate] finished successfully" request="code:\"OTP_REASON_REGISTRATION\"  channel:\"whatsapp\"  traceId:\"daf7cd1f-0b86-4e5f-bb49-f955e74c47ad\"" traceID=daf7cd1f-0b86-4e5f-bb49-f955e74c47ad
time="2025-06-22 15:44:13" level=info msg="Api [SendNotification] started" request=62895331276346 traceID=daf7cd1f-0b86-4e5f-bb49-f955e74c47ad
time="2025-06-22 15:44:14" level=info msg="Api [SendNotification] WhatsApp sent successfully" request=62895331276346 traceID=daf7cd1f-0b86-4e5f-bb49-f955e74c47ad
