{
  "level": "info",
  "msg": "Connected to DB",
  "time": "2025-07-21 19:09:06"
}
{
  "level": "info",
  "msg": "Connected to DB",
  "time": "2025-07-21 19:09:06"
}
{
  "level": "info",
  "msg": "gRPC server started on :4441",
  "time": "2025-07-21 19:09:06"
}
{
  "level": "info",
  "msg": "Api [GetTemplate] started",
  "request": {
    "code": "OTP_REASON_REGISTRATION",
    "channel": "email",
    "traceId": "56e19d99-37d2-451b-a195-77a0e05c67ea"
  },
  "time": "2025-07-21 19:10:30",
  "traceID": "56e19d99-37d2-451b-a195-77a0e05c67ea"
}
{
  "level": "info",
  "msg": "Api [GetTemplate] started processing",
  "request": {
    "code": "OTP_REASON_REGISTRATION",
    "channel": "email",
    "traceId": "56e19d99-37d2-451b-a195-77a0e05c67ea"
  },
  "time": "2025-07-21 19:10:30",
  "traceID": "56e19d99-37d2-451b-a195-77a0e05c67ea"
}
{
  "level": "info",
  "msg": "Api [GetTemplate] finished successfully",
  "request": {
    "code": "OTP_REASON_REGISTRATION",
    "channel": "email",
    "traceId": "56e19d99-37d2-451b-a195-77a0e05c67ea"
  },
  "time": "2025-07-21 19:10:30",
  "traceID": "56e19d99-37d2-451b-a195-77a0e05c67ea"
}
{
  "level": "info",
  "msg": "Api [SendNotification] started",
  "request": "febriandani@gmail.com",
  "time": "2025-07-21 19:10:30",
  "traceID": "56e19d99-37d2-451b-a195-77a0e05c67ea"
}
{
  "level": "info",
  "msg": "Api [SendNotification] Notification sent successfully",
  "request": "febriandani@gmail.com",
  "time": "2025-07-21 19:10:30",
  "traceID": "56e19d99-37d2-451b-a195-77a0e05c67ea"
}
{
  "error": "sql: transaction has already been committed or rolled back",
  "level": "error",
  "msg": "Api [SendNotification] Failed to rollback transaction",
  "request": "febriandani@gmail.com",
  "time": "2025-07-21 19:10:30",
  "traceID": "56e19d99-37d2-451b-a195-77a0e05c67ea"
}
{
  "level": "info",
  "msg": "Api [GetTemplate] started",
  "request": {
    "code": "OTP_REASON_REGISTRATION",
    "channel": "whatsapp",
    "traceId": "0c35f5a4-d630-4896-bf23-c46e426e2b15"
  },
  "time": "2025-07-21 19:10:39",
  "traceID": "0c35f5a4-d630-4896-bf23-c46e426e2b15"
}
{
  "level": "info",
  "msg": "Api [GetTemplate] started processing",
  "request": {
    "code": "OTP_REASON_REGISTRATION",
    "channel": "whatsapp",
    "traceId": "0c35f5a4-d630-4896-bf23-c46e426e2b15"
  },
  "time": "2025-07-21 19:10:39",
  "traceID": "0c35f5a4-d630-4896-bf23-c46e426e2b15"
}
{
  "level": "info",
  "msg": "Api [GetTemplate] finished successfully",
  "request": {
    "code": "OTP_REASON_REGISTRATION",
    "channel": "whatsapp",
    "traceId": "0c35f5a4-d630-4896-bf23-c46e426e2b15"
  },
  "time": "2025-07-21 19:10:39",
  "traceID": "0c35f5a4-d630-4896-bf23-c46e426e2b15"
}
{
  "level": "info",
  "msg": "Api [SendNotification] started",
  "request": "628953312763461",
  "time": "2025-07-21 19:10:39",
  "traceID": "0c35f5a4-d630-4896-bf23-c46e426e2b15"
}
{
  "level": "info",
  "msg": "Api [SendNotification] WhatsApp sent successfully",
  "request": "628953312763461",
  "time": "2025-07-21 19:10:39",
  "traceID": "0c35f5a4-d630-4896-bf23-c46e426e2b15"
}
{
  "level": "info",
  "msg": "Api [GetTemplate] started",
  "request": {
    "code": "OTP_REASON_REGISTRATION",
    "channel": "whatsapp",
    "traceId": "2e79a543-876c-4f3e-b1f5-2e13ee3f1f7a"
  },
  "time": "2025-07-21 19:10:41",
  "traceID": "2e79a543-876c-4f3e-b1f5-2e13ee3f1f7a"
}
{
  "level": "info",
  "msg": "Api [GetTemplate] started processing",
  "request": {
    "code": "OTP_REASON_REGISTRATION",
    "channel": "whatsapp",
    "traceId": "2e79a543-876c-4f3e-b1f5-2e13ee3f1f7a"
  },
  "time": "2025-07-21 19:10:41",
  "traceID": "2e79a543-876c-4f3e-b1f5-2e13ee3f1f7a"
}
{
  "level": "info",
  "msg": "Api [GetTemplate] finished successfully",
  "request": {
    "code": "OTP_REASON_REGISTRATION",
    "channel": "whatsapp",
    "traceId": "2e79a543-876c-4f3e-b1f5-2e13ee3f1f7a"
  },
  "time": "2025-07-21 19:10:41",
  "traceID": "2e79a543-876c-4f3e-b1f5-2e13ee3f1f7a"
}
{
  "level": "info",
  "msg": "Api [SendNotification] started",
  "request": "628953312763461",
  "time": "2025-07-21 19:10:41",
  "traceID": "2e79a543-876c-4f3e-b1f5-2e13ee3f1f7a"
}
{
  "level": "info",
  "msg": "Api [SendNotification] WhatsApp sent successfully",
  "request": "628953312763461",
  "time": "2025-07-21 19:10:41",
  "traceID": "2e79a543-876c-4f3e-b1f5-2e13ee3f1f7a"
}
{
  "level": "info",
  "msg": "Api [GetTemplate] started",
  "request": {
    "code": "OTP_REASON_REGISTRATION",
    "channel": "whatsapp",
    "traceId": "ba2fb7c7-6e2c-46f4-b3cb-9c48ad79dfc5"
  },
  "time": "2025-07-21 19:10:42",
  "traceID": "ba2fb7c7-6e2c-46f4-b3cb-9c48ad79dfc5"
}
{
  "level": "info",
  "msg": "Api [GetTemplate] started processing",
  "request": {
    "code": "OTP_REASON_REGISTRATION",
    "channel": "whatsapp",
    "traceId": "ba2fb7c7-6e2c-46f4-b3cb-9c48ad79dfc5"
  },
  "time": "2025-07-21 19:10:42",
  "traceID": "ba2fb7c7-6e2c-46f4-b3cb-9c48ad79dfc5"
}
{
  "level": "info",
  "msg": "Api [GetTemplate] finished successfully",
  "request": {
    "code": "OTP_REASON_REGISTRATION",
    "channel": "whatsapp",
    "traceId": "ba2fb7c7-6e2c-46f4-b3cb-9c48ad79dfc5"
  },
  "time": "2025-07-21 19:10:42",
  "traceID": "ba2fb7c7-6e2c-46f4-b3cb-9c48ad79dfc5"
}
{
  "level": "info",
  "msg": "Api [SendNotification] started",
  "request": "628953312763461",
  "time": "2025-07-21 19:10:42",
  "traceID": "ba2fb7c7-6e2c-46f4-b3cb-9c48ad79dfc5"
}
{
  "level": "info",
  "msg": "Api [SendNotification] WhatsApp sent successfully",
  "request": "628953312763461",
  "time": "2025-07-21 19:10:42",
  "traceID": "ba2fb7c7-6e2c-46f4-b3cb-9c48ad79dfc5"
}
{
  "level": "info",
  "msg": "Api [GetTemplate] started",
  "request": {
    "code": "OTP_REASON_REGISTRATION",
    "channel": "whatsapp",
    "traceId": "aeb372d8-d2b7-403e-8295-4c26a248a453"
  },
  "time": "2025-07-21 19:22:01",
  "traceID": "aeb372d8-d2b7-403e-8295-4c26a248a453"
}
{
  "level": "info",
  "msg": "Api [GetTemplate] started processing",
  "request": {
    "code": "OTP_REASON_REGISTRATION",
    "channel": "whatsapp",
    "traceId": "aeb372d8-d2b7-403e-8295-4c26a248a453"
  },
  "time": "2025-07-21 19:22:01",
  "traceID": "aeb372d8-d2b7-403e-8295-4c26a248a453"
}
{
  "level": "info",
  "msg": "Api [GetTemplate] finished successfully",
  "request": {
    "code": "OTP_REASON_REGISTRATION",
    "channel": "whatsapp",
    "traceId": "aeb372d8-d2b7-403e-8295-4c26a248a453"
  },
  "time": "2025-07-21 19:22:01",
  "traceID": "aeb372d8-d2b7-403e-8295-4c26a248a453"
}
{
  "level": "info",
  "msg": "Api [SendNotification] started",
  "request": "628953312763461",
  "time": "2025-07-21 19:22:01",
  "traceID": "aeb372d8-d2b7-403e-8295-4c26a248a453"
}
{
  "level": "info",
  "msg": "Api [SendNotification] WhatsApp sent successfully",
  "request": "628953312763461",
  "time": "2025-07-21 19:22:01",
  "traceID": "aeb372d8-d2b7-403e-8295-4c26a248a453"
}
{
  "level": "info",
  "msg": "Api [GetTemplate] started",
  "request": {
    "code": "OTP_REASON_REGISTRATION",
    "channel": "whatsapp",
    "traceId": "3558e0d5-b3fd-4eec-9c50-7581257a4eeb"
  },
  "time": "2025-07-21 19:22:04",
  "traceID": "3558e0d5-b3fd-4eec-9c50-7581257a4eeb"
}
{
  "level": "info",
  "msg": "Api [GetTemplate] started processing",
  "request": {
    "code": "OTP_REASON_REGISTRATION",
    "channel": "whatsapp",
    "traceId": "3558e0d5-b3fd-4eec-9c50-7581257a4eeb"
  },
  "time": "2025-07-21 19:22:04",
  "traceID": "3558e0d5-b3fd-4eec-9c50-7581257a4eeb"
}
{
  "level": "info",
  "msg": "Api [GetTemplate] finished successfully",
  "request": {
    "code": "OTP_REASON_REGISTRATION",
    "channel": "whatsapp",
    "traceId": "3558e0d5-b3fd-4eec-9c50-7581257a4eeb"
  },
  "time": "2025-07-21 19:22:04",
  "traceID": "3558e0d5-b3fd-4eec-9c50-7581257a4eeb"
}
{
  "level": "info",
  "msg": "Api [SendNotification] started",
  "request": "628953312763461",
  "time": "2025-07-21 19:22:04",
  "traceID": "3558e0d5-b3fd-4eec-9c50-7581257a4eeb"
}
{
  "level": "info",
  "msg": "Api [SendNotification] WhatsApp sent successfully",
  "request": "628953312763461",
  "time": "2025-07-21 19:22:04",
  "traceID": "3558e0d5-b3fd-4eec-9c50-7581257a4eeb"
}
{
  "level": "info",
  "msg": "Api [GetTemplate] started",
  "request": {
    "code": "OTP_REASON_REGISTRATION",
    "channel": "whatsapp",
    "traceId": "0f05ff7d-38fd-4c0c-81f2-5e70abb3e76f"
  },
  "time": "2025-07-21 19:22:05",
  "traceID": "0f05ff7d-38fd-4c0c-81f2-5e70abb3e76f"
}
{
  "level": "info",
  "msg": "Api [GetTemplate] started processing",
  "request": {
    "code": "OTP_REASON_REGISTRATION",
    "channel": "whatsapp",
    "traceId": "0f05ff7d-38fd-4c0c-81f2-5e70abb3e76f"
  },
  "time": "2025-07-21 19:22:05",
  "traceID": "0f05ff7d-38fd-4c0c-81f2-5e70abb3e76f"
}
{
  "level": "info",
  "msg": "Api [GetTemplate] finished successfully",
  "request": {
    "code": "OTP_REASON_REGISTRATION",
    "channel": "whatsapp",
    "traceId": "0f05ff7d-38fd-4c0c-81f2-5e70abb3e76f"
  },
  "time": "2025-07-21 19:22:05",
  "traceID": "0f05ff7d-38fd-4c0c-81f2-5e70abb3e76f"
}
{
  "level": "info",
  "msg": "Api [SendNotification] started",
  "request": "628953312763461",
  "time": "2025-07-21 19:22:05",
  "traceID": "0f05ff7d-38fd-4c0c-81f2-5e70abb3e76f"
}
{
  "level": "info",
  "msg": "Api [SendNotification] WhatsApp sent successfully",
  "request": "628953312763461",
  "time": "2025-07-21 19:22:05",
  "traceID": "0f05ff7d-38fd-4c0c-81f2-5e70abb3e76f"
}
{
  "level": "info",
  "msg": "Connected to DB",
  "time": "2025-07-21 20:42:28"
}
{
  "level": "info",
  "msg": "Connected to DB",
  "time": "2025-07-21 20:42:28"
}
{
  "level": "info",
  "msg": "Connected to DB",
  "time": "2025-07-21 20:42:42"
}
{
  "level": "info",
  "msg": "Connected to DB",
  "time": "2025-07-21 20:42:42"
}
{
  "level": "info",
  "msg": "gRPC server started on :4442",
  "time": "2025-07-21 20:42:42"
}
{
  "level": "info",
  "msg": "Api [GetProvinces] started",
  "request": "",
  "time": "2025-07-21 20:44:34",
  "traceID": "da6aa0c0-9f17-4032-b9cc-8f8f82551d56"
}
{
  "level": "info",
  "msg": "Api [GetProvinces] started processing",
  "request": "",
  "time": "2025-07-21 20:44:34",
  "traceID": "da6aa0c0-9f17-4032-b9cc-8f8f82551d56"
}
{
  "error": "pq: relation \"public.provinces\" does not exist",
  "level": "error",
  "msg": "Api [GetProvinces] Failed to get provinces from DB",
  "request": "",
  "time": "2025-07-21 20:44:34",
  "traceID": "da6aa0c0-9f17-4032-b9cc-8f8f82551d56"
}
{
  "level": "info",
  "msg": "Api [GetProvinces] started",
  "request": "",
  "time": "2025-07-21 20:44:39",
  "traceID": "bc177670-6b92-4f91-abd4-8b093024a237"
}
{
  "level": "info",
  "msg": "Api [GetProvinces] started processing",
  "request": "",
  "time": "2025-07-21 20:44:39",
  "traceID": "bc177670-6b92-4f91-abd4-8b093024a237"
}
{
  "error": "pq: relation \"public.provinces\" does not exist",
  "level": "error",
  "msg": "Api [GetProvinces] Failed to get provinces from DB",
  "request": "",
  "time": "2025-07-21 20:44:39",
  "traceID": "bc177670-6b92-4f91-abd4-8b093024a237"
}
{
  "level": "info",
  "msg": "Connected to DB",
  "time": "2025-07-21 20:44:59"
}
{
  "level": "info",
  "msg": "Connected to DB",
  "time": "2025-07-21 20:44:59"
}
{
  "level": "info",
  "msg": "gRPC server started on :4442",
  "time": "2025-07-21 20:44:59"
}
{
  "level": "info",
  "msg": "Api [GetProvinces] started",
  "request": "",
  "time": "2025-07-21 20:45:03",
  "traceID": "e9c082f4-1975-4a17-969b-2e37c905fde7"
}
{
  "level": "info",
  "msg": "Api [GetProvinces] started processing",
  "request": "",
  "time": "2025-07-21 20:45:03",
  "traceID": "e9c082f4-1975-4a17-969b-2e37c905fde7"
}
{
  "error": "expected slice but got struct",
  "level": "error",
  "msg": "Api [GetProvinces] Failed to get provinces from DB",
  "request": "",
  "time": "2025-07-21 20:45:04",
  "traceID": "e9c082f4-1975-4a17-969b-2e37c905fde7"
}
{
  "level": "info",
  "msg": "Connected to DB",
  "time": "2025-07-21 20:46:22"
}
{
  "level": "info",
  "msg": "Connected to DB",
  "time": "2025-07-21 20:46:22"
}
{
  "level": "info",
  "msg": "gRPC server started on :4442",
  "time": "2025-07-21 20:46:22"
}
{
  "level": "info",
  "msg": "Api [GetProvinces] started",
  "request": "",
  "time": "2025-07-21 20:46:24",
  "traceID": "b45e1682-19ac-45b0-ac9b-59f646da8d34"
}
{
  "level": "info",
  "msg": "Api [GetProvinces] started processing",
  "request": "",
  "time": "2025-07-21 20:46:24",
  "traceID": "b45e1682-19ac-45b0-ac9b-59f646da8d34"
}
{
  "level": "info",
  "msg": "Api [GetProvinces] finished successfully",
  "request": "",
  "time": "2025-07-21 20:46:24",
  "traceID": "b45e1682-19ac-45b0-ac9b-59f646da8d34"
}
{
  "level": "info",
  "msg": "Api [GetProvinces] started",
  "request": "",
  "time": "2025-07-21 20:46:46",
  "traceID": "9eb91aa1-4330-41b3-82d1-9f272a61969e"
}
{
  "level": "info",
  "msg": "Api [GetProvinces] started processing",
  "request": "",
  "time": "2025-07-21 20:46:46",
  "traceID": "9eb91aa1-4330-41b3-82d1-9f272a61969e"
}
{
  "level": "info",
  "msg": "Api [GetProvinces] finished successfully",
  "request": "",
  "time": "2025-07-21 20:46:46",
  "traceID": "9eb91aa1-4330-41b3-82d1-9f272a61969e"
}
{
  "level": "info",
  "msg": "Api [GetProvinces] started",
  "request": "",
  "time": "2025-07-21 20:47:08",
  "traceID": "bf58f84d-1a65-4675-8e62-74f87993cbd3"
}
{
  "level": "info",
  "msg": "Api [GetProvinces] started processing",
  "request": "",
  "time": "2025-07-21 20:47:08",
  "traceID": "bf58f84d-1a65-4675-8e62-74f87993cbd3"
}
{
  "level": "info",
  "msg": "Api [GetProvinces] finished successfully",
  "request": "",
  "time": "2025-07-21 20:47:08",
  "traceID": "bf58f84d-1a65-4675-8e62-74f87993cbd3"
}
{
  "level": "info",
  "msg": "Api [GetProvinces] started",
  "request": "",
  "time": "2025-07-21 20:47:09",
  "traceID": "61ad96f4-425e-4096-9674-664de2defeac"
}
{
  "level": "info",
  "msg": "Api [GetProvinces] started processing",
  "request": "",
  "time": "2025-07-21 20:47:09",
  "traceID": "61ad96f4-425e-4096-9674-664de2defeac"
}
{
  "level": "info",
  "msg": "Api [GetProvinces] finished successfully",
  "request": "",
  "time": "2025-07-21 20:47:09",
  "traceID": "61ad96f4-425e-4096-9674-664de2defeac"
}
{
  "level": "info",
  "msg": "Api [GetProvinces] started",
  "request": "",
  "time": "2025-07-21 20:48:27",
  "traceID": "89387b02-7ab3-48f7-988c-0659b13d9805"
}
{
  "level": "info",
  "msg": "Api [GetProvinces] started processing",
  "request": "",
  "time": "2025-07-21 20:48:27",
  "traceID": "89387b02-7ab3-48f7-988c-0659b13d9805"
}
{
  "level": "info",
  "msg": "Api [GetProvinces] finished successfully",
  "request": "",
  "time": "2025-07-21 20:48:27",
  "traceID": "89387b02-7ab3-48f7-988c-0659b13d9805"
}
{
  "level": "info",
  "msg": "Connected to DB",
  "time": "2025-07-21 20:49:05"
}
{
  "level": "info",
  "msg": "Connected to DB",
  "time": "2025-07-21 20:49:05"
}
{
  "level": "info",
  "msg": "gRPC server started on :4442",
  "time": "2025-07-21 20:49:05"
}
{
  "level": "info",
  "msg": "Api [GetProvinces] started",
  "request": "",
  "time": "2025-07-21 20:49:08",
  "traceID": "03cd5783-b998-4478-918e-c3d1fd36b2e2"
}
{
  "level": "info",
  "msg": "Api [GetProvinces] started processing",
  "request": "",
  "time": "2025-07-21 20:49:08",
  "traceID": "03cd5783-b998-4478-918e-c3d1fd36b2e2"
}
{
  "level": "info",
  "msg": "Api [GetProvinces] finished successfully, ",
  "request": "",
  "time": "2025-07-21 20:49:08",
  "traceID": "03cd5783-b998-4478-918e-c3d1fd36b2e2"
}
{
  "level": "info",
  "msg": "Connected to DB",
  "time": "2025-07-21 20:50:47"
}
{
  "level": "info",
  "msg": "Connected to DB",
  "time": "2025-07-21 20:50:47"
}
{
  "level": "info",
  "msg": "gRPC server started on :4442",
  "time": "2025-07-21 20:50:47"
}
{
  "level": "info",
  "msg": "Api [GetProvinces] started",
  "request": "",
  "time": "2025-07-21 20:50:52",
  "traceID": "bf11c5ee-9350-49aa-9e9c-5c4631d3eb35"
}
{
  "level": "info",
  "msg": "Api [GetProvinces] started processing",
  "request": "",
  "time": "2025-07-21 20:50:52",
  "traceID": "bf11c5ee-9350-49aa-9e9c-5c4631d3eb35"
}
{
  "level": "info",
  "msg": "Api [GetProvinces] found [{{{} [] [] \u003cnil\u003e} 36 BANTEN [] 0}] provinces",
  "request": "",
  "time": "2025-07-21 20:50:52",
  "traceID": "bf11c5ee-9350-49aa-9e9c-5c4631d3eb35"
}
{
  "level": "info",
  "msg": "Connected to DB",
  "time": "2025-07-21 20:53:55"
}
{
  "level": "info",
  "msg": "Connected to DB",
  "time": "2025-07-21 20:53:55"
}
{
  "level": "info",
  "msg": "gRPC server started on :4442",
  "time": "2025-07-21 20:53:55"
}
{
  "level": "info",
  "msg": "Api [GetProvinces] started",
  "request": "",
  "time": "2025-07-21 20:53:58",
  "traceID": "4b34d932-8754-4585-a9c5-7eeec4a09c32"
}
{
  "level": "info",
  "msg": "Api [GetProvinces] started processing",
  "request": "",
  "time": "2025-07-21 20:53:58",
  "traceID": "4b34d932-8754-4585-a9c5-7eeec4a09c32"
}
{
  "level": "info",
  "msg": "Api [GetProvinces] found [{{{} [] [] \u003cnil\u003e} 36 BANTEN [] 0}] provinces",
  "request": "",
  "time": "2025-07-21 20:53:58",
  "traceID": "4b34d932-8754-4585-a9c5-7eeec4a09c32"
}
{
  "level": "info",
  "msg": "Connected to DB",
  "time": "2025-07-21 20:54:59"
}
{
  "level": "info",
  "msg": "Connected to DB",
  "time": "2025-07-21 20:54:59"
}
{
  "level": "info",
  "msg": "gRPC server started on :4442",
  "time": "2025-07-21 20:54:59"
}
{
  "level": "info",
  "msg": "Api [GetProvinces] started",
  "request": "",
  "time": "2025-07-21 20:55:01",
  "traceID": "d7105b68-b7ca-499d-adf5-17e66e56faf5"
}
{
  "level": "info",
  "msg": "Api [GetProvinces] started processing",
  "request": "",
  "time": "2025-07-21 20:55:01",
  "traceID": "d7105b68-b7ca-499d-adf5-17e66e56faf5"
}
{
  "level": "info",
  "msg": "Api [GetProvinces] found [{{{} [] [] \u003cnil\u003e} 36 BANTEN [] 0}] provinces",
  "request": "",
  "time": "2025-07-21 20:55:01",
  "traceID": "d7105b68-b7ca-499d-adf5-17e66e56faf5"
}
{
  "level": "info",
  "msg": "Connected to DB",
  "time": "2025-07-21 20:55:22"
}
{
  "level": "info",
  "msg": "Connected to DB",
  "time": "2025-07-21 20:55:22"
}
{
  "level": "info",
  "msg": "gRPC server started on :4442",
  "time": "2025-07-21 20:55:22"
}
{
  "level": "info",
  "msg": "Api [GetProvinces] started",
  "request": "",
  "time": "2025-07-21 20:55:22",
  "traceID": "baa892b3-e4cc-4475-9dc4-80fd03ef5948"
}
{
  "level": "info",
  "msg": "Api [GetProvinces] started processing",
  "request": "",
  "time": "2025-07-21 20:55:22",
  "traceID": "baa892b3-e4cc-4475-9dc4-80fd03ef5948"
}
{
  "level": "info",
  "msg": "Api [GetProvinces] found [{{{} [] [] \u003cnil\u003e} 36 BANTEN [] 0}] provinces",
  "request": "",
  "time": "2025-07-21 20:55:23",
  "traceID": "baa892b3-e4cc-4475-9dc4-80fd03ef5948"
}
{
  "level": "info",
  "msg": "Connected to DB",
  "time": "2025-07-21 20:55:38"
}
{
  "level": "info",
  "msg": "Connected to DB",
  "time": "2025-07-21 20:55:38"
}
{
  "level": "info",
  "msg": "gRPC server started on :4442",
  "time": "2025-07-21 20:55:38"
}
{
  "level": "info",
  "msg": "Api [GetProvinces] started",
  "request": "",
  "time": "2025-07-21 20:55:39",
  "traceID": "719708c8-e195-4689-b2e4-a4b55dbc4694"
}
{
  "level": "info",
  "msg": "Api [GetProvinces] started processing",
  "request": "",
  "time": "2025-07-21 20:55:39",
  "traceID": "719708c8-e195-4689-b2e4-a4b55dbc4694"
}
{
  "level": "info",
  "msg": "Api [GetProvinces] found provinces:{id:36  name:\"BANTEN\"} provinces",
  "request": "",
  "time": "2025-07-21 20:55:39",
  "traceID": "719708c8-e195-4689-b2e4-a4b55dbc4694"
}
{
  "level": "info",
  "msg": "Connected to DB",
  "time": "2025-07-21 20:57:12"
}
{
  "level": "info",
  "msg": "Connected to DB",
  "time": "2025-07-21 20:57:12"
}
{
  "level": "info",
  "msg": "gRPC server started on :4442",
  "time": "2025-07-21 20:57:12"
}
{
  "level": "info",
  "msg": "Api [GetProvinces] started",
  "request": "",
  "time": "2025-07-21 20:57:13",
  "traceID": "520b14a5-0291-41f6-a1c6-181fe998e220"
}
{
  "level": "info",
  "msg": "Api [GetProvinces] started processing",
  "request": "",
  "time": "2025-07-21 20:57:13",
  "traceID": "520b14a5-0291-41f6-a1c6-181fe998e220"
}
{
  "level": "info",
  "msg": "Api [GetProvinces] found [type.googleapis.com/system.ProvincesList]:{provinces:{id:36  name:\"BANTEN\"}} provinces",
  "request": "",
  "time": "2025-07-21 20:57:14",
  "traceID": "520b14a5-0291-41f6-a1c6-181fe998e220"
}
{
  "level": "info",
  "msg": "Connected to DB",
  "time": "2025-07-21 20:59:52"
}
{
  "level": "info",
  "msg": "Connected to DB",
  "time": "2025-07-21 20:59:52"
}
{
  "level": "info",
  "msg": "gRPC server started on :4442",
  "time": "2025-07-21 20:59:52"
}
{
  "level": "info",
  "msg": "Api [GetProvinces] started",
  "request": "",
  "time": "2025-07-21 20:59:56",
  "traceID": "ee4e08d4-319a-451c-8835-45c0aaec9750"
}
{
  "level": "info",
  "msg": "Api [GetProvinces] started processing",
  "request": "",
  "time": "2025-07-21 20:59:56",
  "traceID": "ee4e08d4-319a-451c-8835-45c0aaec9750"
}
{
  "level": "info",
  "msg": "Api [GetProvinces] found 1 provinces",
  "request": "",
  "time": "2025-07-21 20:59:56",
  "traceID": "ee4e08d4-319a-451c-8835-45c0aaec9750"
}
{
  "level": "info",
  "msg": "Connected to DB",
  "time": "2025-07-21 21:02:35"
}
{
  "level": "info",
  "msg": "Connected to DB",
  "time": "2025-07-21 21:02:35"
}
{
  "level": "info",
  "msg": "gRPC server started on :4442",
  "time": "2025-07-21 21:02:35"
}
{
  "level": "info",
  "msg": "Api [GetProvinces] started",
  "request": "",
  "time": "2025-07-21 21:02:36",
  "traceID": "5f5ae611-b2da-4d04-9da3-5ee40af4b79f"
}
{
  "level": "info",
  "msg": "Api [GetProvinces] started processing",
  "request": "",
  "time": "2025-07-21 21:02:36",
  "traceID": "5f5ae611-b2da-4d04-9da3-5ee40af4b79f"
}
{
  "level": "info",
  "msg": "Api [GetProvinces] found 1 provinces",
  "request": "",
  "time": "2025-07-21 21:02:36",
  "traceID": "5f5ae611-b2da-4d04-9da3-5ee40af4b79f"
}
{
  "level": "info",
  "msg": "Api [GetProvinces] started",
  "request": "",
  "time": "2025-07-21 21:02:39",
  "traceID": "f97f2830-c295-45d9-b12a-709262488430"
}
{
  "level": "info",
  "msg": "Api [GetProvinces] started processing",
  "request": "",
  "time": "2025-07-21 21:02:39",
  "traceID": "f97f2830-c295-45d9-b12a-709262488430"
}
{
  "level": "info",
  "msg": "Api [GetProvinces] found 1 provinces",
  "request": "",
  "time": "2025-07-21 21:02:39",
  "traceID": "f97f2830-c295-45d9-b12a-709262488430"
}
{
  "level": "info",
  "msg": "Connected to DB",
  "time": "2025-07-21 21:03:53"
}
{
  "level": "info",
  "msg": "Connected to DB",
  "time": "2025-07-21 21:03:53"
}
{
  "level": "info",
  "msg": "gRPC server started on :4442",
  "time": "2025-07-21 21:03:53"
}
{
  "level": "info",
  "msg": "Api [GetProvinces] started processing",
  "request": "",
  "time": "2025-07-21 21:03:54",
  "traceID": "c76354ae-74c1-482a-9c24-ac76d1697576"
}
{
  "level": "info",
  "msg": "Berhasil dapat 1 provinsi",
  "request": "",
  "time": "2025-07-21 21:03:55",
  "traceID": "c76354ae-74c1-482a-9c24-ac76d1697576"
}
{
  "level": "info",
  "msg": "Api [GetProvinces] started processing",
  "request": "",
  "time": "2025-07-21 21:04:00",
  "traceID": "7df28e61-bbc1-414d-bc81-6b536afd97a5"
}
{
  "level": "info",
  "msg": "Berhasil dapat 1 provinsi",
  "request": "",
  "time": "2025-07-21 21:04:00",
  "traceID": "7df28e61-bbc1-414d-bc81-6b536afd97a5"
}
{
  "level": "info",
  "msg": "Api [GetProvinces] started processing",
  "request": "",
  "time": "2025-07-21 21:04:09",
  "traceID": "43cfe532-ab90-4f94-9666-83a109adf3a1"
}
{
  "level": "info",
  "msg": "Berhasil dapat 1 provinsi",
  "request": "",
  "time": "2025-07-21 21:04:09",
  "traceID": "43cfe532-ab90-4f94-9666-83a109adf3a1"
}
{
  "level": "info",
  "msg": "Api [GetProvinces] started processing",
  "request": "",
  "time": "2025-07-21 21:04:16",
  "traceID": "b8a37340-7ad6-401e-bfba-3c38940171fe"
}
{
  "level": "info",
  "msg": "Berhasil dapat 1 provinsi",
  "request": "",
  "time": "2025-07-21 21:04:16",
  "traceID": "b8a37340-7ad6-401e-bfba-3c38940171fe"
}
