{
  "level": "info",
  "msg": "Connected to DB",
  "time": "2025-06-30 20:21:51"
}
{
  "level": "info",
  "msg": "Connected to DB",
  "time": "2025-06-30 20:21:51"
}
{
  "level": "info",
  "msg": "gRPC server started on :4441",
  "time": "2025-06-30 20:21:51"
}
{
  "level": "info",
  "msg": "Api [GetTemplate] started",
  "request": {
    "code": "OTP_REASON_REGISTRATION",
    "channel": "whatsapp",
    "traceId": "6f0d5940-4caa-4249-9552-9a863ea31791"
  },
  "time": "2025-06-30 20:23:28",
  "traceID": "6f0d5940-4caa-4249-9552-9a863ea31791"
}
{
  "level": "info",
  "msg": "Api [GetTemplate] started processing",
  "request": {
    "code": "OTP_REASON_REGISTRATION",
    "channel": "whatsapp",
    "traceId": "6f0d5940-4caa-4249-9552-9a863ea31791"
  },
  "time": "2025-06-30 20:23:28",
  "traceID": "6f0d5940-4caa-4249-9552-9a863ea31791"
}
{
  "level": "info",
  "msg": "Api [GetTemplate] finished successfully",
  "request": {
    "code": "OTP_REASON_REGISTRATION",
    "channel": "whatsapp",
    "traceId": "6f0d5940-4caa-4249-9552-9a863ea31791"
  },
  "time": "2025-06-30 20:23:28",
  "traceID": "6f0d5940-4caa-4249-9552-9a863ea31791"
}
{
  "level": "info",
  "msg": "Api [SendNotification] started",
  "request": "62895331276348",
  "time": "2025-06-30 20:23:28",
  "traceID": "6f0d5940-4caa-4249-9552-9a863ea31791"
}
{
  "level": "info",
  "msg": "Api [SendNotification] WhatsApp sent successfully",
  "request": "62895331276348",
  "time": "2025-06-30 20:23:28",
  "traceID": "6f0d5940-4caa-4249-9552-9a863ea31791"
}
{
  "level": "info",
  "msg": "Api [GetTemplate] started",
  "request": {
    "code": "OTP_REASON_REGISTRATION",
    "channel": "whatsapp",
    "traceId": "78a50096-288f-4927-b85e-1d68be488570"
  },
  "time": "2025-06-30 20:25:01",
  "traceID": "78a50096-288f-4927-b85e-1d68be488570"
}
{
  "level": "info",
  "msg": "Api [GetTemplate] started processing",
  "request": {
    "code": "OTP_REASON_REGISTRATION",
    "channel": "whatsapp",
    "traceId": "78a50096-288f-4927-b85e-1d68be488570"
  },
  "time": "2025-06-30 20:25:01",
  "traceID": "78a50096-288f-4927-b85e-1d68be488570"
}
{
  "level": "info",
  "msg": "Api [GetTemplate] finished successfully",
  "request": {
    "code": "OTP_REASON_REGISTRATION",
    "channel": "whatsapp",
    "traceId": "78a50096-288f-4927-b85e-1d68be488570"
  },
  "time": "2025-06-30 20:25:02",
  "traceID": "78a50096-288f-4927-b85e-1d68be488570"
}
{
  "level": "info",
  "msg": "Api [SendNotification] started",
  "request": "62895331276348",
  "time": "2025-06-30 20:25:02",
  "traceID": "78a50096-288f-4927-b85e-1d68be488570"
}
{
  "level": "info",
  "msg": "Api [SendNotification] WhatsApp sent successfully",
  "request": "62895331276348",
  "time": "2025-06-30 20:25:02",
  "traceID": "78a50096-288f-4927-b85e-1d68be488570"
}
{
  "level": "info",
  "msg": "Api [GetTemplate] started",
  "request": {
    "code": "OTP_REASON_REGISTRATION",
    "channel": "whatsapp",
    "traceId": "bcd451f6-de36-4296-a221-e6e16b11c253"
  },
  "time": "2025-06-30 20:25:32",
  "traceID": "bcd451f6-de36-4296-a221-e6e16b11c253"
}
{
  "level": "info",
  "msg": "Api [GetTemplate] started processing",
  "request": {
    "code": "OTP_REASON_REGISTRATION",
    "channel": "whatsapp",
    "traceId": "bcd451f6-de36-4296-a221-e6e16b11c253"
  },
  "time": "2025-06-30 20:25:32",
  "traceID": "bcd451f6-de36-4296-a221-e6e16b11c253"
}
{
  "level": "info",
  "msg": "Api [GetTemplate] finished successfully",
  "request": {
    "code": "OTP_REASON_REGISTRATION",
    "channel": "whatsapp",
    "traceId": "bcd451f6-de36-4296-a221-e6e16b11c253"
  },
  "time": "2025-06-30 20:25:32",
  "traceID": "bcd451f6-de36-4296-a221-e6e16b11c253"
}
{
  "level": "info",
  "msg": "Api [SendNotification] started",
  "request": "62895331276348",
  "time": "2025-06-30 20:25:32",
  "traceID": "bcd451f6-de36-4296-a221-e6e16b11c253"
}
{
  "level": "info",
  "msg": "Api [SendNotification] WhatsApp sent successfully",
  "request": "62895331276348",
  "time": "2025-06-30 20:25:32",
  "traceID": "bcd451f6-de36-4296-a221-e6e16b11c253"
}
{
  "level": "info",
  "msg": "Api [GetTemplate] started",
  "request": {
    "code": "OTP_REASON_REGISTRATION",
    "channel": "whatsapp",
    "traceId": "796b6a81-d9f7-419c-827d-02cd744bf96e"
  },
  "time": "2025-06-30 20:25:33",
  "traceID": "796b6a81-d9f7-419c-827d-02cd744bf96e"
}
{
  "level": "info",
  "msg": "Api [GetTemplate] started processing",
  "request": {
    "code": "OTP_REASON_REGISTRATION",
    "channel": "whatsapp",
    "traceId": "796b6a81-d9f7-419c-827d-02cd744bf96e"
  },
  "time": "2025-06-30 20:25:33",
  "traceID": "796b6a81-d9f7-419c-827d-02cd744bf96e"
}
{
  "level": "info",
  "msg": "Api [GetTemplate] finished successfully",
  "request": {
    "code": "OTP_REASON_REGISTRATION",
    "channel": "whatsapp",
    "traceId": "796b6a81-d9f7-419c-827d-02cd744bf96e"
  },
  "time": "2025-06-30 20:25:33",
  "traceID": "796b6a81-d9f7-419c-827d-02cd744bf96e"
}
{
  "level": "info",
  "msg": "Api [SendNotification] started",
  "request": "62895331276348",
  "time": "2025-06-30 20:25:33",
  "traceID": "796b6a81-d9f7-419c-827d-02cd744bf96e"
}
{
  "level": "info",
  "msg": "Api [SendNotification] WhatsApp sent successfully",
  "request": "62895331276348",
  "time": "2025-06-30 20:25:33",
  "traceID": "796b6a81-d9f7-419c-827d-02cd744bf96e"
}
{
  "level": "info",
  "msg": "Api [GetTemplate] started",
  "request": {
    "code": "OTP_REASON_REGISTRATION",
    "channel": "whatsapp",
    "traceId": "54a152e5-258f-40bb-a4ec-a4a07ba98e2f"
  },
  "time": "2025-06-30 20:25:34",
  "traceID": "54a152e5-258f-40bb-a4ec-a4a07ba98e2f"
}
{
  "level": "info",
  "msg": "Api [GetTemplate] started processing",
  "request": {
    "code": "OTP_REASON_REGISTRATION",
    "channel": "whatsapp",
    "traceId": "54a152e5-258f-40bb-a4ec-a4a07ba98e2f"
  },
  "time": "2025-06-30 20:25:34",
  "traceID": "54a152e5-258f-40bb-a4ec-a4a07ba98e2f"
}
{
  "level": "info",
  "msg": "Api [GetTemplate] finished successfully",
  "request": {
    "code": "OTP_REASON_REGISTRATION",
    "channel": "whatsapp",
    "traceId": "54a152e5-258f-40bb-a4ec-a4a07ba98e2f"
  },
  "time": "2025-06-30 20:25:34",
  "traceID": "54a152e5-258f-40bb-a4ec-a4a07ba98e2f"
}
{
  "level": "info",
  "msg": "Api [SendNotification] started",
  "request": "62895331276348",
  "time": "2025-06-30 20:25:34",
  "traceID": "54a152e5-258f-40bb-a4ec-a4a07ba98e2f"
}
{
  "level": "info",
  "msg": "Api [SendNotification] WhatsApp sent successfully",
  "request": "62895331276348",
  "time": "2025-06-30 20:25:34",
  "traceID": "54a152e5-258f-40bb-a4ec-a4a07ba98e2f"
}
