time="2025-06-28 21:20:04" level=info msg="Connected to DB"
time="2025-06-28 21:20:04" level=info msg="Connected to DB"
time="2025-06-28 21:20:04" level=info msg="gRPC server started on :4441"
time="2025-06-28 21:25:58" level=info msg="Connected to DB"
time="2025-06-28 21:25:58" level=info msg="Connected to DB"
time="2025-06-28 21:25:58" level=info msg="gRPC server started on :4441"
time="2025-06-28 21:27:22" level=info msg="Api [GetTemplate] started" request="code:\"OTP_REASON_REGISTRATION\" channel:\"whatsapp\" traceId:\"9439adf6-e938-408c-8b99-9a50a27e6f4e\"" traceID=9439adf6-e938-408c-8b99-9a50a27e6f4e
time="2025-06-28 21:27:22" level=info msg="Api [GetTemplate] started processing" request="code:\"OTP_REASON_REGISTRATION\" channel:\"whatsapp\" traceId:\"9439adf6-e938-408c-8b99-9a50a27e6f4e\"" traceID=9439adf6-e938-408c-8b99-9a50a27e6f4e
time="2025-06-28 21:27:22" level=info msg="Api [GetTemplate] finished successfully" request="code:\"OTP_REASON_REGISTRATION\" channel:\"whatsapp\" traceId:\"9439adf6-e938-408c-8b99-9a50a27e6f4e\"" traceID=9439adf6-e938-408c-8b99-9a50a27e6f4e
time="2025-06-28 21:27:22" level=info msg="Api [SendNotification] started" request=62895331276346 traceID=9439adf6-e938-408c-8b99-9a50a27e6f4e
time="2025-06-28 21:27:22" level=info msg="Api [SendNotification] WhatsApp sent successfully" request=62895331276346 traceID=9439adf6-e938-408c-8b99-9a50a27e6f4e
time="2025-06-28 21:28:46" level=info msg="Api [GetTemplate] started" request="code:\"OTP_REASON_REGISTRATION\" channel:\"whatsapp\" traceId:\"3b285f82-86eb-4548-88c8-7b20da9ca6fc\"" traceID=3b285f82-86eb-4548-88c8-7b20da9ca6fc
time="2025-06-28 21:28:46" level=info msg="Api [GetTemplate] started processing" request="code:\"OTP_REASON_REGISTRATION\" channel:\"whatsapp\" traceId:\"3b285f82-86eb-4548-88c8-7b20da9ca6fc\"" traceID=3b285f82-86eb-4548-88c8-7b20da9ca6fc
time="2025-06-28 21:28:46" level=info msg="Api [GetTemplate] finished successfully" request="code:\"OTP_REASON_REGISTRATION\" channel:\"whatsapp\" traceId:\"3b285f82-86eb-4548-88c8-7b20da9ca6fc\"" traceID=3b285f82-86eb-4548-88c8-7b20da9ca6fc
time="2025-06-28 21:28:46" level=info msg="Api [SendNotification] started" request=62895331276346 traceID=3b285f82-86eb-4548-88c8-7b20da9ca6fc
time="2025-06-28 21:28:46" level=info msg="Api [SendNotification] WhatsApp sent successfully" request=62895331276346 traceID=3b285f82-86eb-4548-88c8-7b20da9ca6fc
time="2025-06-28 21:37:25" level=info msg="Api [GetTemplate] started" request="code:\"OTP_REASON_REGISTRATION\" channel:\"whatsapp\" traceId:\"9606a8b8-7291-4ecd-8ef1-d76c5f7ec010\"" traceID=9606a8b8-7291-4ecd-8ef1-d76c5f7ec010
time="2025-06-28 21:37:25" level=info msg="Api [GetTemplate] started processing" request="code:\"OTP_REASON_REGISTRATION\" channel:\"whatsapp\" traceId:\"9606a8b8-7291-4ecd-8ef1-d76c5f7ec010\"" traceID=9606a8b8-7291-4ecd-8ef1-d76c5f7ec010
time="2025-06-28 21:37:25" level=info msg="Api [GetTemplate] finished successfully" request="code:\"OTP_REASON_REGISTRATION\" channel:\"whatsapp\" traceId:\"9606a8b8-7291-4ecd-8ef1-d76c5f7ec010\"" traceID=9606a8b8-7291-4ecd-8ef1-d76c5f7ec010
time="2025-06-28 21:37:25" level=info msg="Api [SendNotification] started" request=62895331276346 traceID=9606a8b8-7291-4ecd-8ef1-d76c5f7ec010
time="2025-06-28 21:37:25" level=info msg="Api [SendNotification] WhatsApp sent successfully" request=62895331276346 traceID=9606a8b8-7291-4ecd-8ef1-d76c5f7ec010
time="2025-06-28 21:38:26" level=info msg="Api [GetTemplate] started" request="code:\"OTP_REASON_REGISTRATION\" channel:\"whatsapp\" traceId:\"2429dd49-105b-4b35-badd-91deb660674a\"" traceID=2429dd49-105b-4b35-badd-91deb660674a
time="2025-06-28 21:38:26" level=info msg="Api [GetTemplate] started processing" request="code:\"OTP_REASON_REGISTRATION\" channel:\"whatsapp\" traceId:\"2429dd49-105b-4b35-badd-91deb660674a\"" traceID=2429dd49-105b-4b35-badd-91deb660674a
time="2025-06-28 21:38:26" level=info msg="Api [GetTemplate] finished successfully" request="code:\"OTP_REASON_REGISTRATION\" channel:\"whatsapp\" traceId:\"2429dd49-105b-4b35-badd-91deb660674a\"" traceID=2429dd49-105b-4b35-badd-91deb660674a
time="2025-06-28 21:38:26" level=info msg="Api [SendNotification] started" request=62895331276346 traceID=2429dd49-105b-4b35-badd-91deb660674a
time="2025-06-28 21:38:26" level=info msg="Api [SendNotification] WhatsApp sent successfully" request=62895331276346 traceID=2429dd49-105b-4b35-badd-91deb660674a
time="2025-06-28 21:39:14" level=info msg="Api [GetTemplate] started" request="code:\"OTP_REASON_REGISTRATION\" channel:\"whatsapp\" traceId:\"5d30aba9-2107-4633-835a-7f30b5dcc857\"" traceID=5d30aba9-2107-4633-835a-7f30b5dcc857
time="2025-06-28 21:39:14" level=info msg="Api [GetTemplate] started processing" request="code:\"OTP_REASON_REGISTRATION\" channel:\"whatsapp\" traceId:\"5d30aba9-2107-4633-835a-7f30b5dcc857\"" traceID=5d30aba9-2107-4633-835a-7f30b5dcc857
time="2025-06-28 21:39:14" level=info msg="Api [GetTemplate] finished successfully" request="code:\"OTP_REASON_REGISTRATION\" channel:\"whatsapp\" traceId:\"5d30aba9-2107-4633-835a-7f30b5dcc857\"" traceID=5d30aba9-2107-4633-835a-7f30b5dcc857
time="2025-06-28 21:39:14" level=info msg="Api [SendNotification] started" request=62895331276346 traceID=5d30aba9-2107-4633-835a-7f30b5dcc857
time="2025-06-28 21:39:14" level=info msg="Api [SendNotification] WhatsApp sent successfully" request=62895331276346 traceID=5d30aba9-2107-4633-835a-7f30b5dcc857
time="2025-06-28 21:41:39" level=info msg="Api [GetTemplate] started" request="code:\"OTP_REASON_REGISTRATION\" channel:\"whatsapp\" traceId:\"f2b50833-caab-48c0-b231-e724a195d7f0\"" traceID=f2b50833-caab-48c0-b231-e724a195d7f0
time="2025-06-28 21:41:39" level=info msg="Api [GetTemplate] started processing" request="code:\"OTP_REASON_REGISTRATION\" channel:\"whatsapp\" traceId:\"f2b50833-caab-48c0-b231-e724a195d7f0\"" traceID=f2b50833-caab-48c0-b231-e724a195d7f0
time="2025-06-28 21:41:39" level=info msg="Api [GetTemplate] finished successfully" request="code:\"OTP_REASON_REGISTRATION\" channel:\"whatsapp\" traceId:\"f2b50833-caab-48c0-b231-e724a195d7f0\"" traceID=f2b50833-caab-48c0-b231-e724a195d7f0
time="2025-06-28 21:41:39" level=info msg="Api [SendNotification] started" request=62895331276346 traceID=f2b50833-caab-48c0-b231-e724a195d7f0
time="2025-06-28 21:41:39" level=info msg="Api [SendNotification] WhatsApp sent successfully" request=62895331276346 traceID=f2b50833-caab-48c0-b231-e724a195d7f0
time="2025-06-28 21:42:04" level=info msg="Api [GetTemplate] started" request="code:\"OTP_REASON_REGISTRATION\" channel:\"whatsapp\" traceId:\"d0efe75b-6ee1-4d73-a1f6-da6a1e3a4f79\"" traceID=d0efe75b-6ee1-4d73-a1f6-da6a1e3a4f79
time="2025-06-28 21:42:04" level=info msg="Api [GetTemplate] started processing" request="code:\"OTP_REASON_REGISTRATION\" channel:\"whatsapp\" traceId:\"d0efe75b-6ee1-4d73-a1f6-da6a1e3a4f79\"" traceID=d0efe75b-6ee1-4d73-a1f6-da6a1e3a4f79
time="2025-06-28 21:42:04" level=info msg="Api [GetTemplate] finished successfully" request="code:\"OTP_REASON_REGISTRATION\" channel:\"whatsapp\" traceId:\"d0efe75b-6ee1-4d73-a1f6-da6a1e3a4f79\"" traceID=d0efe75b-6ee1-4d73-a1f6-da6a1e3a4f79
time="2025-06-28 21:42:04" level=info msg="Api [SendNotification] started" request=62895331276346 traceID=d0efe75b-6ee1-4d73-a1f6-da6a1e3a4f79
time="2025-06-28 21:42:04" level=info msg="Api [SendNotification] WhatsApp sent successfully" request=62895331276346 traceID=d0efe75b-6ee1-4d73-a1f6-da6a1e3a4f79
time="2025-06-28 21:48:52" level=info msg="Api [GetTemplate] started" request="code:\"OTP_REASON_REGISTRATION\" channel:\"whatsapp\" traceId:\"3a26dc9e-64dd-48cf-9dbe-836fd42aadda\"" traceID=3a26dc9e-64dd-48cf-9dbe-836fd42aadda
time="2025-06-28 21:48:52" level=info msg="Api [GetTemplate] started processing" request="code:\"OTP_REASON_REGISTRATION\" channel:\"whatsapp\" traceId:\"3a26dc9e-64dd-48cf-9dbe-836fd42aadda\"" traceID=3a26dc9e-64dd-48cf-9dbe-836fd42aadda
time="2025-06-28 21:48:52" level=info msg="Api [GetTemplate] finished successfully" request="code:\"OTP_REASON_REGISTRATION\" channel:\"whatsapp\" traceId:\"3a26dc9e-64dd-48cf-9dbe-836fd42aadda\"" traceID=3a26dc9e-64dd-48cf-9dbe-836fd42aadda
time="2025-06-28 21:48:52" level=info msg="Api [SendNotification] started" request=62895331276346 traceID=3a26dc9e-64dd-48cf-9dbe-836fd42aadda
time="2025-06-28 21:48:52" level=info msg="Api [SendNotification] WhatsApp sent successfully" request=62895331276346 traceID=3a26dc9e-64dd-48cf-9dbe-836fd42aadda
time="2025-06-28 21:54:10" level=info msg="Connected to DB"
time="2025-06-28 21:54:10" level=info msg="Connected to DB"
time="2025-06-28 21:54:10" level=info msg="gRPC server started on :4441"
time="2025-06-28 21:56:29" level=info msg="Api [GetTemplate] started" request="code:\"OTP_REASON_REGISTRATION\" channel:\"whatsapp\" traceId:\"30c1b831-a682-4224-a365-af5df0240f04\"" traceID=30c1b831-a682-4224-a365-af5df0240f04
time="2025-06-28 21:56:29" level=info msg="Api [GetTemplate] started processing" request="code:\"OTP_REASON_REGISTRATION\" channel:\"whatsapp\" traceId:\"30c1b831-a682-4224-a365-af5df0240f04\"" traceID=30c1b831-a682-4224-a365-af5df0240f04
time="2025-06-28 21:56:29" level=info msg="Api [GetTemplate] finished successfully" request="code:\"OTP_REASON_REGISTRATION\" channel:\"whatsapp\" traceId:\"30c1b831-a682-4224-a365-af5df0240f04\"" traceID=30c1b831-a682-4224-a365-af5df0240f04
time="2025-06-28 21:56:29" level=info msg="Api [SendNotification] started" request=62895331276346 traceID=30c1b831-a682-4224-a365-af5df0240f04
time="2025-06-28 21:56:29" level=info msg="Api [SendNotification] WhatsApp sent successfully" request=62895331276346 traceID=30c1b831-a682-4224-a365-af5df0240f04
time="2025-06-28 21:56:40" level=info msg="Api [GetTemplate] started" request="code:\"OTP_REASON_REGISTRATION\" channel:\"whatsapp\" traceId:\"9e3dc136-21fe-4262-82a0-013648cf5532\"" traceID=9e3dc136-21fe-4262-82a0-013648cf5532
time="2025-06-28 21:56:40" level=info msg="Api [GetTemplate] started processing" request="code:\"OTP_REASON_REGISTRATION\" channel:\"whatsapp\" traceId:\"9e3dc136-21fe-4262-82a0-013648cf5532\"" traceID=9e3dc136-21fe-4262-82a0-013648cf5532
time="2025-06-28 21:56:40" level=info msg="Api [GetTemplate] finished successfully" request="code:\"OTP_REASON_REGISTRATION\" channel:\"whatsapp\" traceId:\"9e3dc136-21fe-4262-82a0-013648cf5532\"" traceID=9e3dc136-21fe-4262-82a0-013648cf5532
time="2025-06-28 21:56:40" level=info msg="Api [SendNotification] started" request=62895331276346 traceID=9e3dc136-21fe-4262-82a0-013648cf5532
time="2025-06-28 21:56:40" level=info msg="Api [SendNotification] WhatsApp sent successfully" request=62895331276346 traceID=9e3dc136-21fe-4262-82a0-013648cf5532
time="2025-06-28 21:57:09" level=info msg="Api [GetTemplate] started" request="code:\"OTP_REASON_REGISTRATION\" channel:\"whatsapp\" traceId:\"64293476-8a9b-49c0-bf9c-9530b27b9511\"" traceID=64293476-8a9b-49c0-bf9c-9530b27b9511
time="2025-06-28 21:57:09" level=info msg="Api [GetTemplate] started processing" request="code:\"OTP_REASON_REGISTRATION\" channel:\"whatsapp\" traceId:\"64293476-8a9b-49c0-bf9c-9530b27b9511\"" traceID=64293476-8a9b-49c0-bf9c-9530b27b9511
time="2025-06-28 21:57:09" level=info msg="Api [GetTemplate] finished successfully" request="code:\"OTP_REASON_REGISTRATION\" channel:\"whatsapp\" traceId:\"64293476-8a9b-49c0-bf9c-9530b27b9511\"" traceID=64293476-8a9b-49c0-bf9c-9530b27b9511
time="2025-06-28 21:57:09" level=info msg="Api [SendNotification] started" request=62895331276346 traceID=64293476-8a9b-49c0-bf9c-9530b27b9511
time="2025-06-28 21:57:09" level=info msg="Api [SendNotification] WhatsApp sent successfully" request=62895331276346 traceID=64293476-8a9b-49c0-bf9c-9530b27b9511
time="2025-06-28 21:57:17" level=info msg="Api [GetTemplate] started" request="code:\"OTP_REASON_REGISTRATION\" channel:\"whatsapp\" traceId:\"880b134b-6626-46bd-8118-4e1f996cdbbb\"" traceID=880b134b-6626-46bd-8118-4e1f996cdbbb
time="2025-06-28 21:57:17" level=info msg="Api [GetTemplate] started processing" request="code:\"OTP_REASON_REGISTRATION\" channel:\"whatsapp\" traceId:\"880b134b-6626-46bd-8118-4e1f996cdbbb\"" traceID=880b134b-6626-46bd-8118-4e1f996cdbbb
time="2025-06-28 21:57:17" level=info msg="Api [GetTemplate] finished successfully" request="code:\"OTP_REASON_REGISTRATION\" channel:\"whatsapp\" traceId:\"880b134b-6626-46bd-8118-4e1f996cdbbb\"" traceID=880b134b-6626-46bd-8118-4e1f996cdbbb
time="2025-06-28 21:57:17" level=info msg="Api [SendNotification] started" request=62895331276346 traceID=880b134b-6626-46bd-8118-4e1f996cdbbb
time="2025-06-28 21:57:17" level=info msg="Api [SendNotification] WhatsApp sent successfully" request=62895331276346 traceID=880b134b-6626-46bd-8118-4e1f996cdbbb
time="2025-06-28 22:20:23" level=info msg="Connected to DB"
time="2025-06-28 22:20:23" level=info msg="Connected to DB"
time="2025-06-28 22:20:23" level=info msg="gRPC server started on :4441"
time="2025-06-28 22:21:15" level=info msg="Api [GetTemplate] started" request="code:\"OTP_REASON_REGISTRATION\" channel:\"whatsapp\" traceId:\"7e674ce5-fca3-44b0-891e-6a8a7c397b1d\"" traceID=7e674ce5-fca3-44b0-891e-6a8a7c397b1d
time="2025-06-28 22:21:15" level=info msg="Api [GetTemplate] started processing" request="code:\"OTP_REASON_REGISTRATION\" channel:\"whatsapp\" traceId:\"7e674ce5-fca3-44b0-891e-6a8a7c397b1d\"" traceID=7e674ce5-fca3-44b0-891e-6a8a7c397b1d
time="2025-06-28 22:21:15" level=info msg="Api [GetTemplate] finished successfully" request="code:\"OTP_REASON_REGISTRATION\" channel:\"whatsapp\" traceId:\"7e674ce5-fca3-44b0-891e-6a8a7c397b1d\"" traceID=7e674ce5-fca3-44b0-891e-6a8a7c397b1d
time="2025-06-28 22:21:15" level=info msg="Api [SendNotification] started" request=62895331276346 traceID=7e674ce5-fca3-44b0-891e-6a8a7c397b1d
time="2025-06-28 22:21:15" level=info msg="Api [SendNotification] WhatsApp sent successfully" request=62895331276346 traceID=7e674ce5-fca3-44b0-891e-6a8a7c397b1d
time="2025-06-28 22:23:31" level=info msg="Connected to DB"
time="2025-06-28 22:23:31" level=info msg="Connected to DB"
time="2025-06-28 22:23:31" level=info msg="gRPC server started on :4441"
time="2025-06-28 22:23:40" level=info msg="Api [GetTemplate] started" request="code:\"OTP_REASON_REGISTRATION\" channel:\"whatsapp\" traceId:\"0087efd3-ac8a-47fc-bde9-d991b51f85cb\"" traceID=0087efd3-ac8a-47fc-bde9-d991b51f85cb
time="2025-06-28 22:23:40" level=info msg="Api [GetTemplate] started processing" request="code:\"OTP_REASON_REGISTRATION\" channel:\"whatsapp\" traceId:\"0087efd3-ac8a-47fc-bde9-d991b51f85cb\"" traceID=0087efd3-ac8a-47fc-bde9-d991b51f85cb
time="2025-06-28 22:23:40" level=info msg="Api [GetTemplate] finished successfully" request="code:\"OTP_REASON_REGISTRATION\" channel:\"whatsapp\" traceId:\"0087efd3-ac8a-47fc-bde9-d991b51f85cb\"" traceID=0087efd3-ac8a-47fc-bde9-d991b51f85cb
time="2025-06-28 22:23:40" level=info msg="Api [SendNotification] started" request=62895331276346 traceID=0087efd3-ac8a-47fc-bde9-d991b51f85cb
time="2025-06-28 22:23:40" level=info msg="Api [SendNotification] WhatsApp sent successfully" request=62895331276346 traceID=0087efd3-ac8a-47fc-bde9-d991b51f85cb
time="2025-06-28 22:23:54" level=info msg="Api [GetTemplate] started" request="code:\"OTP_REASON_REGISTRATION\" channel:\"whatsapp\" traceId:\"9ee7eef1-7387-4d0e-a22c-e63e84712f0e\"" traceID=9ee7eef1-7387-4d0e-a22c-e63e84712f0e
time="2025-06-28 22:23:54" level=info msg="Api [GetTemplate] started processing" request="code:\"OTP_REASON_REGISTRATION\" channel:\"whatsapp\" traceId:\"9ee7eef1-7387-4d0e-a22c-e63e84712f0e\"" traceID=9ee7eef1-7387-4d0e-a22c-e63e84712f0e
time="2025-06-28 22:23:54" level=info msg="Api [GetTemplate] finished successfully" request="code:\"OTP_REASON_REGISTRATION\" channel:\"whatsapp\" traceId:\"9ee7eef1-7387-4d0e-a22c-e63e84712f0e\"" traceID=9ee7eef1-7387-4d0e-a22c-e63e84712f0e
time="2025-06-28 22:23:54" level=info msg="Api [SendNotification] started" request=62895331276346 traceID=9ee7eef1-7387-4d0e-a22c-e63e84712f0e
time="2025-06-28 22:23:54" level=info msg="Api [SendNotification] WhatsApp sent successfully" request=62895331276346 traceID=9ee7eef1-7387-4d0e-a22c-e63e84712f0e
time="2025-06-28 22:23:59" level=info msg="Api [GetTemplate] started" request="code:\"OTP_REASON_REGISTRATION\" channel:\"whatsapp\" traceId:\"05bcb29d-a1b8-461a-b125-3bbc8da57591\"" traceID=05bcb29d-a1b8-461a-b125-3bbc8da57591
time="2025-06-28 22:23:59" level=info msg="Api [GetTemplate] started processing" request="code:\"OTP_REASON_REGISTRATION\" channel:\"whatsapp\" traceId:\"05bcb29d-a1b8-461a-b125-3bbc8da57591\"" traceID=05bcb29d-a1b8-461a-b125-3bbc8da57591
time="2025-06-28 22:23:59" level=info msg="Api [GetTemplate] finished successfully" request="code:\"OTP_REASON_REGISTRATION\" channel:\"whatsapp\" traceId:\"05bcb29d-a1b8-461a-b125-3bbc8da57591\"" traceID=05bcb29d-a1b8-461a-b125-3bbc8da57591
time="2025-06-28 22:23:59" level=info msg="Api [SendNotification] started" request=62895331276346 traceID=05bcb29d-a1b8-461a-b125-3bbc8da57591
time="2025-06-28 22:23:59" level=info msg="Api [SendNotification] WhatsApp sent successfully" request=62895331276346 traceID=05bcb29d-a1b8-461a-b125-3bbc8da57591
time="2025-06-28 22:30:45" level=info msg="Api [GetTemplate] started" request="code:\"OTP_REASON_REGISTRATION\" channel:\"whatsapp\" traceId:\"9d78968f-82c8-41e1-94c6-33317bfac8bd\"" traceID=9d78968f-82c8-41e1-94c6-33317bfac8bd
time="2025-06-28 22:30:45" level=info msg="Api [GetTemplate] started processing" request="code:\"OTP_REASON_REGISTRATION\" channel:\"whatsapp\" traceId:\"9d78968f-82c8-41e1-94c6-33317bfac8bd\"" traceID=9d78968f-82c8-41e1-94c6-33317bfac8bd
time="2025-06-28 22:30:45" level=info msg="Api [GetTemplate] finished successfully" request="code:\"OTP_REASON_REGISTRATION\" channel:\"whatsapp\" traceId:\"9d78968f-82c8-41e1-94c6-33317bfac8bd\"" traceID=9d78968f-82c8-41e1-94c6-33317bfac8bd
time="2025-06-28 22:30:45" level=info msg="Api [SendNotification] started" request=62895331276346 traceID=9d78968f-82c8-41e1-94c6-33317bfac8bd
time="2025-06-28 22:30:45" level=info msg="Api [SendNotification] WhatsApp sent successfully" request=62895331276346 traceID=9d78968f-82c8-41e1-94c6-33317bfac8bd
time="2025-06-28 22:31:48" level=info msg="Connected to DB"
time="2025-06-28 22:31:48" level=info msg="Connected to DB"
time="2025-06-28 22:31:48" level=info msg="gRPC server started on :4441"
time="2025-06-28 22:32:02" level=info msg="Api [GetTemplate] started" request="code:\"OTP_REASON_REGISTRATION\" channel:\"whatsapp\" traceId:\"9cd32319-3212-40dd-8c71-f6219ee04671\"" traceID=9cd32319-3212-40dd-8c71-f6219ee04671
time="2025-06-28 22:32:02" level=info msg="Api [GetTemplate] started processing" request="code:\"OTP_REASON_REGISTRATION\" channel:\"whatsapp\" traceId:\"9cd32319-3212-40dd-8c71-f6219ee04671\"" traceID=9cd32319-3212-40dd-8c71-f6219ee04671
time="2025-06-28 22:32:02" level=info msg="Api [GetTemplate] finished successfully" request="code:\"OTP_REASON_REGISTRATION\" channel:\"whatsapp\" traceId:\"9cd32319-3212-40dd-8c71-f6219ee04671\"" traceID=9cd32319-3212-40dd-8c71-f6219ee04671
time="2025-06-28 22:32:02" level=info msg="Api [SendNotification] started" request=62895331276346 traceID=9cd32319-3212-40dd-8c71-f6219ee04671
time="2025-06-28 22:32:02" level=info msg="Api [SendNotification] WhatsApp sent successfully" request=62895331276346 traceID=9cd32319-3212-40dd-8c71-f6219ee04671
time="2025-06-28 22:33:20" level=info msg="Api [GetTemplate] started" request="code:\"OTP_REASON_REGISTRATION\" channel:\"whatsapp\" traceId:\"28a86ef6-b522-4a0b-9066-fd6d3b7ca025\"" traceID=28a86ef6-b522-4a0b-9066-fd6d3b7ca025
time="2025-06-28 22:33:20" level=info msg="Api [GetTemplate] started processing" request="code:\"OTP_REASON_REGISTRATION\" channel:\"whatsapp\" traceId:\"28a86ef6-b522-4a0b-9066-fd6d3b7ca025\"" traceID=28a86ef6-b522-4a0b-9066-fd6d3b7ca025
time="2025-06-28 22:33:20" level=info msg="Api [GetTemplate] finished successfully" request="code:\"OTP_REASON_REGISTRATION\" channel:\"whatsapp\" traceId:\"28a86ef6-b522-4a0b-9066-fd6d3b7ca025\"" traceID=28a86ef6-b522-4a0b-9066-fd6d3b7ca025
time="2025-06-28 22:33:20" level=info msg="Api [SendNotification] started" request=62895331276346 traceID=28a86ef6-b522-4a0b-9066-fd6d3b7ca025
time="2025-06-28 22:33:20" level=info msg="Api [SendNotification] WhatsApp sent successfully" request=62895331276346 traceID=28a86ef6-b522-4a0b-9066-fd6d3b7ca025
time="2025-06-28 22:35:30" level=info msg="Api [GetTemplate] started" request="code:\"OTP_REASON_REGISTRATION\" channel:\"whatsapp\" traceId:\"6581e84a-75b1-45ed-94a9-6e339cb01805\"" traceID=6581e84a-75b1-45ed-94a9-6e339cb01805
time="2025-06-28 22:35:30" level=info msg="Api [GetTemplate] started processing" request="code:\"OTP_REASON_REGISTRATION\" channel:\"whatsapp\" traceId:\"6581e84a-75b1-45ed-94a9-6e339cb01805\"" traceID=6581e84a-75b1-45ed-94a9-6e339cb01805
time="2025-06-28 22:35:30" level=info msg="Api [GetTemplate] finished successfully" request="code:\"OTP_REASON_REGISTRATION\" channel:\"whatsapp\" traceId:\"6581e84a-75b1-45ed-94a9-6e339cb01805\"" traceID=6581e84a-75b1-45ed-94a9-6e339cb01805
time="2025-06-28 22:35:30" level=info msg="Api [SendNotification] started" request=62895331276346 traceID=6581e84a-75b1-45ed-94a9-6e339cb01805
time="2025-06-28 22:35:30" level=info msg="Api [SendNotification] WhatsApp sent successfully" request=62895331276346 traceID=6581e84a-75b1-45ed-94a9-6e339cb01805
time="2025-06-28 22:39:03" level=info msg="Api [GetTemplate] started" request="code:\"OTP_REASON_REGISTRATION\" channel:\"whatsapp\" traceId:\"863e2e52-5d0d-4f4e-8bb6-14ba3008812f\"" traceID=863e2e52-5d0d-4f4e-8bb6-14ba3008812f
time="2025-06-28 22:39:03" level=info msg="Api [GetTemplate] started processing" request="code:\"OTP_REASON_REGISTRATION\" channel:\"whatsapp\" traceId:\"863e2e52-5d0d-4f4e-8bb6-14ba3008812f\"" traceID=863e2e52-5d0d-4f4e-8bb6-14ba3008812f
time="2025-06-28 22:39:03" level=info msg="Api [GetTemplate] finished successfully" request="code:\"OTP_REASON_REGISTRATION\" channel:\"whatsapp\" traceId:\"863e2e52-5d0d-4f4e-8bb6-14ba3008812f\"" traceID=863e2e52-5d0d-4f4e-8bb6-14ba3008812f
time="2025-06-28 22:39:03" level=info msg="Api [SendNotification] started" request=62895331276346 traceID=863e2e52-5d0d-4f4e-8bb6-14ba3008812f
time="2025-06-28 22:39:03" level=info msg="Api [SendNotification] WhatsApp sent successfully" request=62895331276346 traceID=863e2e52-5d0d-4f4e-8bb6-14ba3008812f
time="2025-06-28 22:39:08" level=info msg="Api [GetTemplate] started" request="code:\"OTP_REASON_REGISTRATION\" channel:\"whatsapp\" traceId:\"059d37da-cdc2-4782-9d57-06c92bae0777\"" traceID=059d37da-cdc2-4782-9d57-06c92bae0777
time="2025-06-28 22:39:08" level=info msg="Api [GetTemplate] started processing" request="code:\"OTP_REASON_REGISTRATION\" channel:\"whatsapp\" traceId:\"059d37da-cdc2-4782-9d57-06c92bae0777\"" traceID=059d37da-cdc2-4782-9d57-06c92bae0777
time="2025-06-28 22:39:08" level=info msg="Api [GetTemplate] finished successfully" request="code:\"OTP_REASON_REGISTRATION\" channel:\"whatsapp\" traceId:\"059d37da-cdc2-4782-9d57-06c92bae0777\"" traceID=059d37da-cdc2-4782-9d57-06c92bae0777
time="2025-06-28 22:39:08" level=info msg="Api [SendNotification] started" request=62895331276346 traceID=059d37da-cdc2-4782-9d57-06c92bae0777
time="2025-06-28 22:39:08" level=info msg="Api [SendNotification] WhatsApp sent successfully" request=62895331276346 traceID=059d37da-cdc2-4782-9d57-06c92bae0777
time="2025-06-28 22:39:14" level=info msg="Api [GetTemplate] started" request="code:\"OTP_REASON_REGISTRATION\" channel:\"whatsapp\" traceId:\"b87dec0f-6849-46b9-b5b6-8c4cd73c719c\"" traceID=b87dec0f-6849-46b9-b5b6-8c4cd73c719c
time="2025-06-28 22:39:14" level=info msg="Api [GetTemplate] started processing" request="code:\"OTP_REASON_REGISTRATION\" channel:\"whatsapp\" traceId:\"b87dec0f-6849-46b9-b5b6-8c4cd73c719c\"" traceID=b87dec0f-6849-46b9-b5b6-8c4cd73c719c
time="2025-06-28 22:39:15" level=info msg="Api [GetTemplate] finished successfully" request="code:\"OTP_REASON_REGISTRATION\" channel:\"whatsapp\" traceId:\"b87dec0f-6849-46b9-b5b6-8c4cd73c719c\"" traceID=b87dec0f-6849-46b9-b5b6-8c4cd73c719c
time="2025-06-28 22:39:15" level=info msg="Api [SendNotification] started" request=62895331276346 traceID=b87dec0f-6849-46b9-b5b6-8c4cd73c719c
time="2025-06-28 22:39:15" level=info msg="Api [SendNotification] WhatsApp sent successfully" request=62895331276346 traceID=b87dec0f-6849-46b9-b5b6-8c4cd73c719c
time="2025-06-28 22:49:16" level=info msg="Api [GetTemplate] started" request="code:\"OTP_REASON_REGISTRATION\" channel:\"whatsapp\" traceId:\"a2d3da1e-e889-433c-9ab4-257052b57ba8\"" traceID=a2d3da1e-e889-433c-9ab4-257052b57ba8
time="2025-06-28 22:49:16" level=info msg="Api [GetTemplate] started processing" request="code:\"OTP_REASON_REGISTRATION\" channel:\"whatsapp\" traceId:\"a2d3da1e-e889-433c-9ab4-257052b57ba8\"" traceID=a2d3da1e-e889-433c-9ab4-257052b57ba8
time="2025-06-28 22:49:16" level=info msg="Api [GetTemplate] finished successfully" request="code:\"OTP_REASON_REGISTRATION\" channel:\"whatsapp\" traceId:\"a2d3da1e-e889-433c-9ab4-257052b57ba8\"" traceID=a2d3da1e-e889-433c-9ab4-257052b57ba8
time="2025-06-28 22:49:16" level=info msg="Api [SendNotification] started" request=62895331276346 traceID=a2d3da1e-e889-433c-9ab4-257052b57ba8
time="2025-06-28 22:49:16" level=info msg="Api [SendNotification] WhatsApp sent successfully" request=62895331276346 traceID=a2d3da1e-e889-433c-9ab4-257052b57ba8
