{
  "level": "info",
  "msg": "Connected to DB",
  "time": "2025-07-21 21:08:16"
}
{
  "level": "info",
  "msg": "Connected to DB",
  "time": "2025-07-21 21:08:16"
}
{
  "level": "info",
  "msg": "gRPC server started at :4442",
  "time": "2025-07-21 21:08:16"
}
{
  "level": "info",
  "msg": "Api [GetProvinces] started processing",
  "request": "",
  "time": "2025-07-21 21:08:21",
  "traceID": "97e2f96f-91be-4622-9658-d601ea8666b9"
}
{
  "level": "info",
  "msg": "Berhasil dapat 1 provinsi",
  "request": "",
  "time": "2025-07-21 21:08:21",
  "traceID": "97e2f96f-91be-4622-9658-d601ea8666b9"
}
{
  "level": "info",
  "msg": "Connected to DB",
  "time": "2025-07-21 21:08:36"
}
{
  "level": "info",
  "msg": "Connected to DB",
  "time": "2025-07-21 21:08:36"
}
{
  "level": "info",
  "msg": "gRPC server started at :4442",
  "time": "2025-07-21 21:08:36"
}
{
  "level": "info",
  "msg": "Api [GetProvinces] started processing",
  "request": "",
  "time": "2025-07-21 21:09:13",
  "traceID": "a42b0b8f-cd4a-4d38-97fe-62351e293965"
}
{
  "level": "info",
  "msg": "Berhasil dapat 10 provinsi",
  "request": "",
  "time": "2025-07-21 21:09:14",
  "traceID": "a42b0b8f-cd4a-4d38-97fe-62351e293965"
}
{
  "level": "info",
  "msg": "Connected to DB",
  "time": "2025-07-21 21:09:43"
}
{
  "level": "info",
  "msg": "Connected to DB",
  "time": "2025-07-21 21:09:43"
}
{
  "level": "info",
  "msg": "gRPC server started at :4442",
  "time": "2025-07-21 21:09:43"
}
{
  "level": "info",
  "msg": "Api [GetProvinces] started processing",
  "request": "",
  "time": "2025-07-21 21:09:44",
  "traceID": "ba966c9a-e0bd-45cc-a173-7ce0c06b0357"
}
{
  "level": "info",
  "msg": "Berhasil dapat 10 provinsi",
  "request": "",
  "time": "2025-07-21 21:09:44",
  "traceID": "ba966c9a-e0bd-45cc-a173-7ce0c06b0357"
}
{
  "level": "info",
  "msg": "Connected to DB",
  "time": "2025-07-21 21:12:16"
}
{
  "level": "info",
  "msg": "Connected to DB",
  "time": "2025-07-21 21:12:16"
}
{
  "level": "info",
  "msg": "gRPC server started at :4442",
  "time": "2025-07-21 21:12:16"
}
{
  "level": "info",
  "msg": "Connected to DB",
  "time": "2025-07-21 21:12:42"
}
{
  "level": "info",
  "msg": "Connected to DB",
  "time": "2025-07-21 21:12:42"
}
{
  "level": "info",
  "msg": "gRPC server started at :4442",
  "time": "2025-07-21 21:12:42"
}
{
  "level": "info",
  "msg": "Api [GetProvinces] started processing",
  "request": "",
  "time": "2025-07-21 21:13:24",
  "traceID": "056a1e35-9aeb-49e5-b136-7f82700bd1fd"
}
{
  "level": "info",
  "msg": "Berhasil dapat 10 provinsi",
  "request": "",
  "time": "2025-07-21 21:13:24",
  "traceID": "056a1e35-9aeb-49e5-b136-7f82700bd1fd"
}
{
  "level": "info",
  "msg": "Api [GetProvinces] started processing",
  "request": "",
  "time": "2025-07-21 21:13:24",
  "traceID": "123f3d5a-928a-44a4-b3c8-9b88c38dfd6d"
}
{
  "level": "info",
  "msg": "Berhasil dapat 10 provinsi",
  "request": "",
  "time": "2025-07-21 21:13:24",
  "traceID": "123f3d5a-928a-44a4-b3c8-9b88c38dfd6d"
}
{
  "level": "info",
  "msg": "Api [GetProvinces] started processing",
  "request": "",
  "time": "2025-07-21 21:13:42",
  "traceID": "17752e6f-3519-4020-be00-450751db8eb4"
}
{
  "level": "info",
  "msg": "Berhasil dapat 1 provinsi",
  "request": "",
  "time": "2025-07-21 21:13:42",
  "traceID": "17752e6f-3519-4020-be00-450751db8eb4"
}
{
  "level": "info",
  "msg": "Api [GetProvinces] started processing",
  "request": "",
  "time": "2025-07-21 21:13:49",
  "traceID": "c6c5990a-22b4-4567-93b2-289b74b9c70b"
}
{
  "level": "info",
  "msg": "Berhasil dapat 10 provinsi",
  "request": "",
  "time": "2025-07-21 21:13:49",
  "traceID": "c6c5990a-22b4-4567-93b2-289b74b9c70b"
}
{
  "level": "info",
  "msg": "Api [GetProvinces] started processing",
  "request": "",
  "time": "2025-07-21 21:13:52",
  "traceID": "d35c930e-3b17-4a12-8425-27cea66a85ed"
}
{
  "level": "info",
  "msg": "Berhasil dapat 9 provinsi",
  "request": "",
  "time": "2025-07-21 21:13:53",
  "traceID": "d35c930e-3b17-4a12-8425-27cea66a85ed"
}
{
  "level": "info",
  "msg": "Api [GetProvinces] started processing",
  "request": "",
  "time": "2025-07-21 21:13:55",
  "traceID": "4aa7f6d1-59a8-4b0e-bef5-6acb62fd5cf2"
}
{
  "level": "info",
  "msg": "Berhasil dapat 2 provinsi",
  "request": "",
  "time": "2025-07-21 21:13:55",
  "traceID": "4aa7f6d1-59a8-4b0e-bef5-6acb62fd5cf2"
}
{
  "level": "info",
  "msg": "Api [GetProvinces] started processing",
  "request": "",
  "time": "2025-07-21 21:13:59",
  "traceID": "17e52e4a-0bf8-4157-877e-d43464fb0881"
}
{
  "level": "info",
  "msg": "Berhasil dapat 1 provinsi",
  "request": "",
  "time": "2025-07-21 21:13:59",
  "traceID": "17e52e4a-0bf8-4157-877e-d43464fb0881"
}
{
  "level": "info",
  "msg": "Api [GetProvinces] started processing",
  "request": "",
  "time": "2025-07-21 21:14:01",
  "traceID": "b73d7333-dd01-4ac1-947e-041397277007"
}
{
  "level": "info",
  "msg": "Berhasil dapat 0 provinsi",
  "request": "",
  "time": "2025-07-21 21:14:01",
  "traceID": "b73d7333-dd01-4ac1-947e-041397277007"
}
{
  "level": "info",
  "msg": "Api [GetProvinces] started processing",
  "request": "",
  "time": "2025-07-21 21:14:06",
  "traceID": "a3beb4ac-1ace-44d0-b997-9b67dfac6d28"
}
{
  "level": "info",
  "msg": "Berhasil dapat 1 provinsi",
  "request": "",
  "time": "2025-07-21 21:14:06",
  "traceID": "a3beb4ac-1ace-44d0-b997-9b67dfac6d28"
}
